<?xml version="1.0" encoding="UTF-8"?>
<coverage line-rate="0.876876876876877" branch-rate="0" lines-covered="584" lines-valid="666" branches-covered="0" branches-valid="0" complexity="0" version="3.6.1" timestamp="2023-02-15 10:02:00">
  <sources/>
  <packages>
    <package name="shrinkforest" line-rate="0.876876876876877" branch-rate="0" complexity="0">
      <classes>
        <class name="ahr_estimation.R" filename="R/ahr_estimation.R" line-rate="1" branch-rate="0" complexity="0">
          <methods>
            <method name="ahr_estimation" signature="" line-rate="1" branch-rate="0">
              <lines>
                <line number="24" hits="88" branch="false"/>
                <line number="25" hits="88" branch="false"/>
                <line number="26" hits="88" branch="false"/>
                <line number="27" hits="88" branch="false"/>
                <line number="28" hits="88" branch="false"/>
                <line number="29" hits="88" branch="false"/>
                <line number="30" hits="88" branch="false"/>
                <line number="31" hits="176" branch="false"/>
                <line number="32" hits="176" branch="false"/>
                <line number="33" hits="176" branch="false"/>
                <line number="34" hits="176" branch="false"/>
                <line number="35" hits="176" branch="false"/>
                <line number="37" hits="88" branch="false"/>
                <line number="38" hits="88" branch="false"/>
                <line number="39" hits="88" branch="false"/>
                <line number="40" hits="176" branch="false"/>
                <line number="41" hits="176" branch="false"/>
                <line number="42" hits="176" branch="false"/>
                <line number="43" hits="176" branch="false"/>
                <line number="44" hits="176" branch="false"/>
                <line number="45" hits="176" branch="false"/>
                <line number="47" hits="88" branch="false"/>
                <line number="48" hits="88" branch="false"/>
              </lines>
            </method>
          </methods>
          <lines>
            <line number="24" hits="88" branch="false"/>
            <line number="25" hits="88" branch="false"/>
            <line number="26" hits="88" branch="false"/>
            <line number="27" hits="88" branch="false"/>
            <line number="28" hits="88" branch="false"/>
            <line number="29" hits="88" branch="false"/>
            <line number="30" hits="88" branch="false"/>
            <line number="31" hits="176" branch="false"/>
            <line number="32" hits="176" branch="false"/>
            <line number="33" hits="176" branch="false"/>
            <line number="34" hits="176" branch="false"/>
            <line number="35" hits="176" branch="false"/>
            <line number="37" hits="88" branch="false"/>
            <line number="38" hits="88" branch="false"/>
            <line number="39" hits="88" branch="false"/>
            <line number="40" hits="176" branch="false"/>
            <line number="41" hits="176" branch="false"/>
            <line number="42" hits="176" branch="false"/>
            <line number="43" hits="176" branch="false"/>
            <line number="44" hits="176" branch="false"/>
            <line number="45" hits="176" branch="false"/>
            <line number="47" hits="88" branch="false"/>
            <line number="48" hits="88" branch="false"/>
          </lines>
        </class>
        <class name="elastic_net.R" filename="R/elastic_net.R" line-rate="1" branch-rate="0" complexity="0">
          <methods>
            <method name="elastic_net" signature="" line-rate="1" branch-rate="0">
              <lines>
                <line number="37" hits="2" branch="false"/>
                <line number="38" hits="2" branch="false"/>
                <line number="39" hits="2" branch="false"/>
                <line number="40" hits="2" branch="false"/>
                <line number="41" hits="2" branch="false"/>
                <line number="42" hits="2" branch="false"/>
                <line number="43" hits="2" branch="false"/>
                <line number="44" hits="2" branch="false"/>
                <line number="45" hits="2" branch="false"/>
                <line number="46" hits="1" branch="false"/>
                <line number="47" hits="1" branch="false"/>
                <line number="48" hits="1" branch="false"/>
                <line number="49" hits="1" branch="false"/>
                <line number="50" hits="1" branch="false"/>
                <line number="51" hits="1" branch="false"/>
                <line number="52" hits="1" branch="false"/>
                <line number="53" hits="1" branch="false"/>
                <line number="54" hits="1" branch="false"/>
                <line number="55" hits="1" branch="false"/>
                <line number="56" hits="1" branch="false"/>
                <line number="57" hits="1" branch="false"/>
                <line number="58" hits="1" branch="false"/>
                <line number="59" hits="1" branch="false"/>
                <line number="60" hits="1" branch="false"/>
                <line number="61" hits="1" branch="false"/>
                <line number="62" hits="1" branch="false"/>
                <line number="63" hits="1" branch="false"/>
                <line number="64" hits="1" branch="false"/>
                <line number="65" hits="1" branch="false"/>
                <line number="66" hits="1" branch="false"/>
                <line number="67" hits="1" branch="false"/>
                <line number="68" hits="1" branch="false"/>
                <line number="69" hits="1" branch="false"/>
                <line number="70" hits="1" branch="false"/>
                <line number="71" hits="1" branch="false"/>
                <line number="73" hits="2" branch="false"/>
                <line number="74" hits="2" branch="false"/>
                <line number="75" hits="2" branch="false"/>
                <line number="76" hits="2" branch="false"/>
                <line number="77" hits="2" branch="false"/>
                <line number="78" hits="2" branch="false"/>
                <line number="79" hits="2" branch="false"/>
                <line number="80" hits="2" branch="false"/>
                <line number="81" hits="2" branch="false"/>
                <line number="82" hits="2" branch="false"/>
                <line number="83" hits="2" branch="false"/>
                <line number="84" hits="2" branch="false"/>
                <line number="85" hits="2" branch="false"/>
              </lines>
            </method>
          </methods>
          <lines>
            <line number="37" hits="2" branch="false"/>
            <line number="38" hits="2" branch="false"/>
            <line number="39" hits="2" branch="false"/>
            <line number="40" hits="2" branch="false"/>
            <line number="41" hits="2" branch="false"/>
            <line number="42" hits="2" branch="false"/>
            <line number="43" hits="2" branch="false"/>
            <line number="44" hits="2" branch="false"/>
            <line number="45" hits="2" branch="false"/>
            <line number="46" hits="1" branch="false"/>
            <line number="47" hits="1" branch="false"/>
            <line number="48" hits="1" branch="false"/>
            <line number="49" hits="1" branch="false"/>
            <line number="50" hits="1" branch="false"/>
            <line number="51" hits="1" branch="false"/>
            <line number="52" hits="1" branch="false"/>
            <line number="53" hits="1" branch="false"/>
            <line number="54" hits="1" branch="false"/>
            <line number="55" hits="1" branch="false"/>
            <line number="56" hits="1" branch="false"/>
            <line number="57" hits="1" branch="false"/>
            <line number="58" hits="1" branch="false"/>
            <line number="59" hits="1" branch="false"/>
            <line number="60" hits="1" branch="false"/>
            <line number="61" hits="1" branch="false"/>
            <line number="62" hits="1" branch="false"/>
            <line number="63" hits="1" branch="false"/>
            <line number="64" hits="1" branch="false"/>
            <line number="65" hits="1" branch="false"/>
            <line number="66" hits="1" branch="false"/>
            <line number="67" hits="1" branch="false"/>
            <line number="68" hits="1" branch="false"/>
            <line number="69" hits="1" branch="false"/>
            <line number="70" hits="1" branch="false"/>
            <line number="71" hits="1" branch="false"/>
            <line number="73" hits="2" branch="false"/>
            <line number="74" hits="2" branch="false"/>
            <line number="75" hits="2" branch="false"/>
            <line number="76" hits="2" branch="false"/>
            <line number="77" hits="2" branch="false"/>
            <line number="78" hits="2" branch="false"/>
            <line number="79" hits="2" branch="false"/>
            <line number="80" hits="2" branch="false"/>
            <line number="81" hits="2" branch="false"/>
            <line number="82" hits="2" branch="false"/>
            <line number="83" hits="2" branch="false"/>
            <line number="84" hits="2" branch="false"/>
            <line number="85" hits="2" branch="false"/>
          </lines>
        </class>
        <class name="generate_stacked_data.R" filename="R/generate_stacked_data.R" line-rate="1" branch-rate="0" complexity="0">
          <methods>
            <method name="generate_stacked_data" signature="" line-rate="1" branch-rate="0">
              <lines>
                <line number="23" hits="6" branch="false"/>
                <line number="24" hits="6" branch="false"/>
                <line number="25" hits="6" branch="false"/>
                <line number="26" hits="6" branch="false"/>
                <line number="28" hits="6" branch="false"/>
                <line number="29" hits="6" branch="false"/>
                <line number="30" hits="6" branch="false"/>
                <line number="31" hits="6" branch="false"/>
                <line number="32" hits="3" branch="false"/>
                <line number="33" hits="3" branch="false"/>
                <line number="34" hits="3" branch="false"/>
                <line number="35" hits="3" branch="false"/>
                <line number="36" hits="3" branch="false"/>
                <line number="38" hits="6" branch="false"/>
                <line number="39" hits="6" branch="false"/>
                <line number="40" hits="6" branch="false"/>
                <line number="41" hits="6" branch="false"/>
                <line number="42" hits="6" branch="false"/>
                <line number="43" hits="6" branch="false"/>
                <line number="44" hits="6" branch="false"/>
                <line number="45" hits="6" branch="false"/>
                <line number="46" hits="6" branch="false"/>
                <line number="47" hits="6" branch="false"/>
                <line number="48" hits="6" branch="false"/>
                <line number="49" hits="6" branch="false"/>
                <line number="50" hits="3" branch="false"/>
                <line number="51" hits="3" branch="false"/>
                <line number="52" hits="6" branch="false"/>
                <line number="53" hits="3" branch="false"/>
                <line number="54" hits="6" branch="false"/>
                <line number="55" hits="6" branch="false"/>
              </lines>
            </method>
          </methods>
          <lines>
            <line number="23" hits="6" branch="false"/>
            <line number="24" hits="6" branch="false"/>
            <line number="25" hits="6" branch="false"/>
            <line number="26" hits="6" branch="false"/>
            <line number="28" hits="6" branch="false"/>
            <line number="29" hits="6" branch="false"/>
            <line number="30" hits="6" branch="false"/>
            <line number="31" hits="6" branch="false"/>
            <line number="32" hits="3" branch="false"/>
            <line number="33" hits="3" branch="false"/>
            <line number="34" hits="3" branch="false"/>
            <line number="35" hits="3" branch="false"/>
            <line number="36" hits="3" branch="false"/>
            <line number="38" hits="6" branch="false"/>
            <line number="39" hits="6" branch="false"/>
            <line number="40" hits="6" branch="false"/>
            <line number="41" hits="6" branch="false"/>
            <line number="42" hits="6" branch="false"/>
            <line number="43" hits="6" branch="false"/>
            <line number="44" hits="6" branch="false"/>
            <line number="45" hits="6" branch="false"/>
            <line number="46" hits="6" branch="false"/>
            <line number="47" hits="6" branch="false"/>
            <line number="48" hits="6" branch="false"/>
            <line number="49" hits="6" branch="false"/>
            <line number="50" hits="3" branch="false"/>
            <line number="51" hits="3" branch="false"/>
            <line number="52" hits="6" branch="false"/>
            <line number="53" hits="3" branch="false"/>
            <line number="54" hits="6" branch="false"/>
            <line number="55" hits="6" branch="false"/>
          </lines>
        </class>
        <class name="hello.R" filename="R/hello.R" line-rate="1" branch-rate="0" complexity="0">
          <methods>
            <method name="hello" signature="" line-rate="1" branch-rate="0">
              <lines>
                <line number="13" hits="1" branch="false"/>
                <line number="14" hits="1" branch="false"/>
              </lines>
            </method>
          </methods>
          <lines>
            <line number="13" hits="1" branch="false"/>
            <line number="14" hits="1" branch="false"/>
          </lines>
        </class>
        <class name="horseshoe.R" filename="R/horseshoe.R" line-rate="1" branch-rate="0" complexity="0">
          <methods>
            <method name="horseshoe" signature="" line-rate="1" branch-rate="0">
              <lines>
                <line number="40" hits="2" branch="false"/>
                <line number="41" hits="2" branch="false"/>
                <line number="42" hits="2" branch="false"/>
                <line number="43" hits="2" branch="false"/>
                <line number="44" hits="2" branch="false"/>
                <line number="45" hits="2" branch="false"/>
                <line number="46" hits="2" branch="false"/>
                <line number="47" hits="2" branch="false"/>
                <line number="48" hits="2" branch="false"/>
                <line number="49" hits="2" branch="false"/>
                <line number="50" hits="2" branch="false"/>
                <line number="51" hits="2" branch="false"/>
                <line number="52" hits="2" branch="false"/>
                <line number="53" hits="2" branch="false"/>
                <line number="54" hits="2" branch="false"/>
                <line number="55" hits="2" branch="false"/>
                <line number="56" hits="2" branch="false"/>
                <line number="57" hits="1" branch="false"/>
                <line number="58" hits="1" branch="false"/>
                <line number="59" hits="1" branch="false"/>
                <line number="60" hits="1" branch="false"/>
                <line number="61" hits="1" branch="false"/>
                <line number="62" hits="1" branch="false"/>
                <line number="63" hits="1" branch="false"/>
                <line number="64" hits="1" branch="false"/>
                <line number="65" hits="1" branch="false"/>
                <line number="66" hits="1" branch="false"/>
                <line number="67" hits="1" branch="false"/>
                <line number="68" hits="1" branch="false"/>
                <line number="69" hits="1" branch="false"/>
                <line number="70" hits="1" branch="false"/>
                <line number="71" hits="1" branch="false"/>
                <line number="72" hits="1" branch="false"/>
                <line number="73" hits="1" branch="false"/>
                <line number="74" hits="1" branch="false"/>
                <line number="75" hits="1" branch="false"/>
                <line number="76" hits="1" branch="false"/>
                <line number="77" hits="1" branch="false"/>
                <line number="78" hits="1" branch="false"/>
                <line number="79" hits="1" branch="false"/>
                <line number="80" hits="1" branch="false"/>
                <line number="81" hits="1" branch="false"/>
                <line number="82" hits="1" branch="false"/>
                <line number="83" hits="1" branch="false"/>
                <line number="84" hits="1" branch="false"/>
                <line number="85" hits="1" branch="false"/>
                <line number="86" hits="1" branch="false"/>
                <line number="87" hits="1" branch="false"/>
                <line number="88" hits="1" branch="false"/>
                <line number="89" hits="1" branch="false"/>
                <line number="90" hits="1" branch="false"/>
                <line number="91" hits="1" branch="false"/>
                <line number="92" hits="1" branch="false"/>
                <line number="93" hits="1" branch="false"/>
                <line number="94" hits="1" branch="false"/>
                <line number="95" hits="1" branch="false"/>
                <line number="96" hits="1" branch="false"/>
                <line number="97" hits="1" branch="false"/>
                <line number="98" hits="1" branch="false"/>
                <line number="99" hits="1" branch="false"/>
                <line number="100" hits="1" branch="false"/>
                <line number="101" hits="1" branch="false"/>
                <line number="102" hits="1" branch="false"/>
                <line number="103" hits="1" branch="false"/>
                <line number="104" hits="1" branch="false"/>
                <line number="105" hits="1" branch="false"/>
                <line number="106" hits="1" branch="false"/>
                <line number="107" hits="1" branch="false"/>
                <line number="108" hits="1" branch="false"/>
                <line number="109" hits="1" branch="false"/>
                <line number="110" hits="1" branch="false"/>
                <line number="111" hits="1" branch="false"/>
                <line number="112" hits="1" branch="false"/>
                <line number="113" hits="1" branch="false"/>
                <line number="115" hits="2" branch="false"/>
                <line number="116" hits="2" branch="false"/>
                <line number="117" hits="2" branch="false"/>
                <line number="118" hits="2" branch="false"/>
                <line number="119" hits="2" branch="false"/>
                <line number="120" hits="2" branch="false"/>
                <line number="121" hits="2" branch="false"/>
                <line number="122" hits="2" branch="false"/>
                <line number="123" hits="2" branch="false"/>
                <line number="124" hits="2" branch="false"/>
                <line number="125" hits="2" branch="false"/>
                <line number="126" hits="2" branch="false"/>
              </lines>
            </method>
          </methods>
          <lines>
            <line number="40" hits="2" branch="false"/>
            <line number="41" hits="2" branch="false"/>
            <line number="42" hits="2" branch="false"/>
            <line number="43" hits="2" branch="false"/>
            <line number="44" hits="2" branch="false"/>
            <line number="45" hits="2" branch="false"/>
            <line number="46" hits="2" branch="false"/>
            <line number="47" hits="2" branch="false"/>
            <line number="48" hits="2" branch="false"/>
            <line number="49" hits="2" branch="false"/>
            <line number="50" hits="2" branch="false"/>
            <line number="51" hits="2" branch="false"/>
            <line number="52" hits="2" branch="false"/>
            <line number="53" hits="2" branch="false"/>
            <line number="54" hits="2" branch="false"/>
            <line number="55" hits="2" branch="false"/>
            <line number="56" hits="2" branch="false"/>
            <line number="57" hits="1" branch="false"/>
            <line number="58" hits="1" branch="false"/>
            <line number="59" hits="1" branch="false"/>
            <line number="60" hits="1" branch="false"/>
            <line number="61" hits="1" branch="false"/>
            <line number="62" hits="1" branch="false"/>
            <line number="63" hits="1" branch="false"/>
            <line number="64" hits="1" branch="false"/>
            <line number="65" hits="1" branch="false"/>
            <line number="66" hits="1" branch="false"/>
            <line number="67" hits="1" branch="false"/>
            <line number="68" hits="1" branch="false"/>
            <line number="69" hits="1" branch="false"/>
            <line number="70" hits="1" branch="false"/>
            <line number="71" hits="1" branch="false"/>
            <line number="72" hits="1" branch="false"/>
            <line number="73" hits="1" branch="false"/>
            <line number="74" hits="1" branch="false"/>
            <line number="75" hits="1" branch="false"/>
            <line number="76" hits="1" branch="false"/>
            <line number="77" hits="1" branch="false"/>
            <line number="78" hits="1" branch="false"/>
            <line number="79" hits="1" branch="false"/>
            <line number="80" hits="1" branch="false"/>
            <line number="81" hits="1" branch="false"/>
            <line number="82" hits="1" branch="false"/>
            <line number="83" hits="1" branch="false"/>
            <line number="84" hits="1" branch="false"/>
            <line number="85" hits="1" branch="false"/>
            <line number="86" hits="1" branch="false"/>
            <line number="87" hits="1" branch="false"/>
            <line number="88" hits="1" branch="false"/>
            <line number="89" hits="1" branch="false"/>
            <line number="90" hits="1" branch="false"/>
            <line number="91" hits="1" branch="false"/>
            <line number="92" hits="1" branch="false"/>
            <line number="93" hits="1" branch="false"/>
            <line number="94" hits="1" branch="false"/>
            <line number="95" hits="1" branch="false"/>
            <line number="96" hits="1" branch="false"/>
            <line number="97" hits="1" branch="false"/>
            <line number="98" hits="1" branch="false"/>
            <line number="99" hits="1" branch="false"/>
            <line number="100" hits="1" branch="false"/>
            <line number="101" hits="1" branch="false"/>
            <line number="102" hits="1" branch="false"/>
            <line number="103" hits="1" branch="false"/>
            <line number="104" hits="1" branch="false"/>
            <line number="105" hits="1" branch="false"/>
            <line number="106" hits="1" branch="false"/>
            <line number="107" hits="1" branch="false"/>
            <line number="108" hits="1" branch="false"/>
            <line number="109" hits="1" branch="false"/>
            <line number="110" hits="1" branch="false"/>
            <line number="111" hits="1" branch="false"/>
            <line number="112" hits="1" branch="false"/>
            <line number="113" hits="1" branch="false"/>
            <line number="115" hits="2" branch="false"/>
            <line number="116" hits="2" branch="false"/>
            <line number="117" hits="2" branch="false"/>
            <line number="118" hits="2" branch="false"/>
            <line number="119" hits="2" branch="false"/>
            <line number="120" hits="2" branch="false"/>
            <line number="121" hits="2" branch="false"/>
            <line number="122" hits="2" branch="false"/>
            <line number="123" hits="2" branch="false"/>
            <line number="124" hits="2" branch="false"/>
            <line number="125" hits="2" branch="false"/>
            <line number="126" hits="2" branch="false"/>
          </lines>
        </class>
        <class name="lOR_estimation.R" filename="R/lOR_estimation.R" line-rate="1" branch-rate="0" complexity="0">
          <methods>
            <method name="lor_estimation" signature="" line-rate="1" branch-rate="0">
              <lines>
                <line number="17" hits="100" branch="false"/>
                <line number="18" hits="100" branch="false"/>
                <line number="19" hits="100" branch="false"/>
                <line number="20" hits="100" branch="false"/>
                <line number="21" hits="100" branch="false"/>
                <line number="22" hits="200" branch="false"/>
                <line number="23" hits="200" branch="false"/>
                <line number="25" hits="100" branch="false"/>
                <line number="26" hits="100" branch="false"/>
                <line number="27" hits="100" branch="false"/>
                <line number="28" hits="100" branch="false"/>
                <line number="29" hits="100" branch="false"/>
                <line number="30" hits="100" branch="false"/>
                <line number="31" hits="100" branch="false"/>
                <line number="32" hits="100" branch="false"/>
                <line number="33" hits="100" branch="false"/>
                <line number="34" hits="100" branch="false"/>
              </lines>
            </method>
          </methods>
          <lines>
            <line number="17" hits="100" branch="false"/>
            <line number="18" hits="100" branch="false"/>
            <line number="19" hits="100" branch="false"/>
            <line number="20" hits="100" branch="false"/>
            <line number="21" hits="100" branch="false"/>
            <line number="22" hits="200" branch="false"/>
            <line number="23" hits="200" branch="false"/>
            <line number="25" hits="100" branch="false"/>
            <line number="26" hits="100" branch="false"/>
            <line number="27" hits="100" branch="false"/>
            <line number="28" hits="100" branch="false"/>
            <line number="29" hits="100" branch="false"/>
            <line number="30" hits="100" branch="false"/>
            <line number="31" hits="100" branch="false"/>
            <line number="32" hits="100" branch="false"/>
            <line number="33" hits="100" branch="false"/>
            <line number="34" hits="100" branch="false"/>
          </lines>
        </class>
        <class name="naive.R" filename="R/naive.R" line-rate="1" branch-rate="0" complexity="0">
          <methods>
            <method name="naive" signature="" line-rate="1" branch-rate="0">
              <lines>
                <line number="24" hits="2" branch="false"/>
                <line number="25" hits="2" branch="false"/>
                <line number="26" hits="2" branch="false"/>
                <line number="27" hits="2" branch="false"/>
                <line number="28" hits="2" branch="false"/>
                <line number="29" hits="2" branch="false"/>
                <line number="30" hits="2" branch="false"/>
                <line number="31" hits="1" branch="false"/>
                <line number="32" hits="1" branch="false"/>
                <line number="33" hits="1" branch="false"/>
                <line number="34" hits="1" branch="false"/>
                <line number="35" hits="1" branch="false"/>
                <line number="36" hits="1" branch="false"/>
                <line number="37" hits="1" branch="false"/>
                <line number="38" hits="1" branch="false"/>
                <line number="39" hits="1" branch="false"/>
                <line number="40" hits="1" branch="false"/>
                <line number="41" hits="1" branch="false"/>
                <line number="42" hits="1" branch="false"/>
                <line number="43" hits="1" branch="false"/>
                <line number="44" hits="1" branch="false"/>
                <line number="45" hits="1" branch="false"/>
                <line number="46" hits="1" branch="false"/>
                <line number="47" hits="1" branch="false"/>
                <line number="48" hits="1" branch="false"/>
                <line number="49" hits="1" branch="false"/>
                <line number="50" hits="1" branch="false"/>
                <line number="51" hits="1" branch="false"/>
                <line number="52" hits="1" branch="false"/>
                <line number="53" hits="1" branch="false"/>
                <line number="54" hits="1" branch="false"/>
                <line number="55" hits="1" branch="false"/>
                <line number="56" hits="1" branch="false"/>
                <line number="57" hits="1" branch="false"/>
                <line number="58" hits="1" branch="false"/>
                <line number="59" hits="1" branch="false"/>
                <line number="60" hits="1" branch="false"/>
                <line number="61" hits="1" branch="false"/>
                <line number="62" hits="1" branch="false"/>
                <line number="63" hits="1" branch="false"/>
                <line number="64" hits="1" branch="false"/>
                <line number="65" hits="1" branch="false"/>
                <line number="66" hits="1" branch="false"/>
                <line number="67" hits="1" branch="false"/>
                <line number="68" hits="1" branch="false"/>
                <line number="70" hits="2" branch="false"/>
                <line number="71" hits="2" branch="false"/>
                <line number="72" hits="2" branch="false"/>
                <line number="73" hits="2" branch="false"/>
                <line number="74" hits="2" branch="false"/>
                <line number="75" hits="2" branch="false"/>
                <line number="76" hits="2" branch="false"/>
                <line number="77" hits="2" branch="false"/>
                <line number="78" hits="2" branch="false"/>
              </lines>
            </method>
          </methods>
          <lines>
            <line number="24" hits="2" branch="false"/>
            <line number="25" hits="2" branch="false"/>
            <line number="26" hits="2" branch="false"/>
            <line number="27" hits="2" branch="false"/>
            <line number="28" hits="2" branch="false"/>
            <line number="29" hits="2" branch="false"/>
            <line number="30" hits="2" branch="false"/>
            <line number="31" hits="1" branch="false"/>
            <line number="32" hits="1" branch="false"/>
            <line number="33" hits="1" branch="false"/>
            <line number="34" hits="1" branch="false"/>
            <line number="35" hits="1" branch="false"/>
            <line number="36" hits="1" branch="false"/>
            <line number="37" hits="1" branch="false"/>
            <line number="38" hits="1" branch="false"/>
            <line number="39" hits="1" branch="false"/>
            <line number="40" hits="1" branch="false"/>
            <line number="41" hits="1" branch="false"/>
            <line number="42" hits="1" branch="false"/>
            <line number="43" hits="1" branch="false"/>
            <line number="44" hits="1" branch="false"/>
            <line number="45" hits="1" branch="false"/>
            <line number="46" hits="1" branch="false"/>
            <line number="47" hits="1" branch="false"/>
            <line number="48" hits="1" branch="false"/>
            <line number="49" hits="1" branch="false"/>
            <line number="50" hits="1" branch="false"/>
            <line number="51" hits="1" branch="false"/>
            <line number="52" hits="1" branch="false"/>
            <line number="53" hits="1" branch="false"/>
            <line number="54" hits="1" branch="false"/>
            <line number="55" hits="1" branch="false"/>
            <line number="56" hits="1" branch="false"/>
            <line number="57" hits="1" branch="false"/>
            <line number="58" hits="1" branch="false"/>
            <line number="59" hits="1" branch="false"/>
            <line number="60" hits="1" branch="false"/>
            <line number="61" hits="1" branch="false"/>
            <line number="62" hits="1" branch="false"/>
            <line number="63" hits="1" branch="false"/>
            <line number="64" hits="1" branch="false"/>
            <line number="65" hits="1" branch="false"/>
            <line number="66" hits="1" branch="false"/>
            <line number="67" hits="1" branch="false"/>
            <line number="68" hits="1" branch="false"/>
            <line number="70" hits="2" branch="false"/>
            <line number="71" hits="2" branch="false"/>
            <line number="72" hits="2" branch="false"/>
            <line number="73" hits="2" branch="false"/>
            <line number="74" hits="2" branch="false"/>
            <line number="75" hits="2" branch="false"/>
            <line number="76" hits="2" branch="false"/>
            <line number="77" hits="2" branch="false"/>
            <line number="78" hits="2" branch="false"/>
          </lines>
        </class>
        <class name="naivepop.R" filename="R/naivepop.R" line-rate="0.9" branch-rate="0" complexity="0">
          <methods>
            <method name="naivepop" signature="" line-rate="0.9" branch-rate="0">
              <lines>
                <line number="23" hits="2" branch="false"/>
                <line number="24" hits="2" branch="false"/>
                <line number="25" hits="2" branch="false"/>
                <line number="26" hits="2" branch="false"/>
                <line number="28" hits="2" branch="false"/>
                <line number="29" hits="2" branch="false"/>
                <line number="30" hits="2" branch="false"/>
                <line number="31" hits="2" branch="false"/>
                <line number="32" hits="2" branch="false"/>
                <line number="33" hits="0" branch="false"/>
                <line number="34" hits="0" branch="false"/>
                <line number="35" hits="2" branch="false"/>
                <line number="37" hits="2" branch="false"/>
                <line number="38" hits="2" branch="false"/>
                <line number="39" hits="2" branch="false"/>
                <line number="40" hits="2" branch="false"/>
                <line number="41" hits="2" branch="false"/>
                <line number="42" hits="2" branch="false"/>
                <line number="43" hits="2" branch="false"/>
                <line number="44" hits="2" branch="false"/>
              </lines>
            </method>
          </methods>
          <lines>
            <line number="23" hits="2" branch="false"/>
            <line number="24" hits="2" branch="false"/>
            <line number="25" hits="2" branch="false"/>
            <line number="26" hits="2" branch="false"/>
            <line number="28" hits="2" branch="false"/>
            <line number="29" hits="2" branch="false"/>
            <line number="30" hits="2" branch="false"/>
            <line number="31" hits="2" branch="false"/>
            <line number="32" hits="2" branch="false"/>
            <line number="33" hits="0" branch="false"/>
            <line number="34" hits="0" branch="false"/>
            <line number="35" hits="2" branch="false"/>
            <line number="37" hits="2" branch="false"/>
            <line number="38" hits="2" branch="false"/>
            <line number="39" hits="2" branch="false"/>
            <line number="40" hits="2" branch="false"/>
            <line number="41" hits="2" branch="false"/>
            <line number="42" hits="2" branch="false"/>
            <line number="43" hits="2" branch="false"/>
            <line number="44" hits="2" branch="false"/>
          </lines>
        </class>
        <class name="plot.R" filename="R/plot.R" line-rate="0.536585365853659" branch-rate="0" complexity="0">
          <methods>
            <method name="plot.summary.naive" signature="" line-rate="0.537037037037037" branch-rate="0">
              <lines>
                <line number="14" hits="1" branch="false"/>
                <line number="15" hits="1" branch="false"/>
                <line number="16" hits="1" branch="false"/>
                <line number="17" hits="1" branch="false"/>
                <line number="18" hits="1" branch="false"/>
                <line number="19" hits="1" branch="false"/>
                <line number="20" hits="1" branch="false"/>
                <line number="21" hits="1" branch="false"/>
                <line number="22" hits="1" branch="false"/>
                <line number="23" hits="1" branch="false"/>
                <line number="24" hits="1" branch="false"/>
                <line number="25" hits="1" branch="false"/>
                <line number="26" hits="1" branch="false"/>
                <line number="27" hits="1" branch="false"/>
                <line number="28" hits="1" branch="false"/>
                <line number="29" hits="1" branch="false"/>
                <line number="30" hits="1" branch="false"/>
                <line number="31" hits="1" branch="false"/>
                <line number="32" hits="1" branch="false"/>
                <line number="33" hits="1" branch="false"/>
                <line number="34" hits="1" branch="false"/>
                <line number="35" hits="1" branch="false"/>
                <line number="36" hits="1" branch="false"/>
                <line number="37" hits="1" branch="false"/>
                <line number="38" hits="1" branch="false"/>
                <line number="39" hits="1" branch="false"/>
                <line number="40" hits="1" branch="false"/>
                <line number="41" hits="1" branch="false"/>
                <line number="42" hits="0" branch="false"/>
                <line number="43" hits="0" branch="false"/>
                <line number="44" hits="0" branch="false"/>
                <line number="45" hits="0" branch="false"/>
                <line number="46" hits="0" branch="false"/>
                <line number="47" hits="0" branch="false"/>
                <line number="48" hits="0" branch="false"/>
                <line number="49" hits="0" branch="false"/>
                <line number="50" hits="0" branch="false"/>
                <line number="51" hits="0" branch="false"/>
                <line number="52" hits="0" branch="false"/>
                <line number="53" hits="0" branch="false"/>
                <line number="54" hits="0" branch="false"/>
                <line number="55" hits="0" branch="false"/>
                <line number="56" hits="0" branch="false"/>
                <line number="57" hits="0" branch="false"/>
                <line number="58" hits="0" branch="false"/>
                <line number="59" hits="0" branch="false"/>
                <line number="60" hits="0" branch="false"/>
                <line number="61" hits="0" branch="false"/>
                <line number="62" hits="0" branch="false"/>
                <line number="63" hits="0" branch="false"/>
                <line number="64" hits="0" branch="false"/>
                <line number="65" hits="0" branch="false"/>
                <line number="66" hits="0" branch="false"/>
                <line number="68" hits="1" branch="false"/>
              </lines>
            </method>
            <method name="plot.summary.elastic_net" signature="" line-rate="0.517857142857143" branch-rate="0">
              <lines>
                <line number="85" hits="1" branch="false"/>
                <line number="86" hits="1" branch="false"/>
                <line number="87" hits="1" branch="false"/>
                <line number="88" hits="0" branch="false"/>
                <line number="89" hits="0" branch="false"/>
                <line number="91" hits="0" branch="false"/>
                <line number="93" hits="1" branch="false"/>
                <line number="94" hits="1" branch="false"/>
                <line number="95" hits="1" branch="false"/>
                <line number="96" hits="1" branch="false"/>
                <line number="97" hits="1" branch="false"/>
                <line number="98" hits="1" branch="false"/>
                <line number="99" hits="1" branch="false"/>
                <line number="100" hits="1" branch="false"/>
                <line number="101" hits="1" branch="false"/>
                <line number="102" hits="1" branch="false"/>
                <line number="103" hits="1" branch="false"/>
                <line number="104" hits="1" branch="false"/>
                <line number="105" hits="1" branch="false"/>
                <line number="106" hits="1" branch="false"/>
                <line number="107" hits="1" branch="false"/>
                <line number="108" hits="1" branch="false"/>
                <line number="109" hits="1" branch="false"/>
                <line number="110" hits="1" branch="false"/>
                <line number="111" hits="1" branch="false"/>
                <line number="112" hits="1" branch="false"/>
                <line number="113" hits="1" branch="false"/>
                <line number="114" hits="1" branch="false"/>
                <line number="115" hits="1" branch="false"/>
                <line number="116" hits="1" branch="false"/>
                <line number="117" hits="1" branch="false"/>
                <line number="118" hits="0" branch="false"/>
                <line number="119" hits="0" branch="false"/>
                <line number="120" hits="0" branch="false"/>
                <line number="121" hits="0" branch="false"/>
                <line number="122" hits="0" branch="false"/>
                <line number="123" hits="0" branch="false"/>
                <line number="124" hits="0" branch="false"/>
                <line number="125" hits="0" branch="false"/>
                <line number="126" hits="0" branch="false"/>
                <line number="127" hits="0" branch="false"/>
                <line number="128" hits="0" branch="false"/>
                <line number="129" hits="0" branch="false"/>
                <line number="130" hits="0" branch="false"/>
                <line number="131" hits="0" branch="false"/>
                <line number="132" hits="0" branch="false"/>
                <line number="133" hits="0" branch="false"/>
                <line number="134" hits="0" branch="false"/>
                <line number="135" hits="0" branch="false"/>
                <line number="136" hits="0" branch="false"/>
                <line number="137" hits="0" branch="false"/>
                <line number="138" hits="0" branch="false"/>
                <line number="139" hits="0" branch="false"/>
                <line number="140" hits="0" branch="false"/>
                <line number="141" hits="0" branch="false"/>
                <line number="143" hits="1" branch="false"/>
              </lines>
            </method>
            <method name="plot.summary.horseshoe" signature="" line-rate="0.555555555555556" branch-rate="0">
              <lines>
                <line number="160" hits="1" branch="false"/>
                <line number="161" hits="1" branch="false"/>
                <line number="162" hits="1" branch="false"/>
                <line number="163" hits="1" branch="false"/>
                <line number="164" hits="0" branch="false"/>
                <line number="165" hits="0" branch="false"/>
                <line number="166" hits="0" branch="false"/>
                <line number="167" hits="0" branch="false"/>
                <line number="168" hits="0" branch="false"/>
                <line number="169" hits="0" branch="false"/>
                <line number="170" hits="0" branch="false"/>
                <line number="171" hits="0" branch="false"/>
                <line number="172" hits="0" branch="false"/>
                <line number="173" hits="0" branch="false"/>
                <line number="174" hits="0" branch="false"/>
                <line number="175" hits="0" branch="false"/>
                <line number="176" hits="0" branch="false"/>
                <line number="177" hits="0" branch="false"/>
                <line number="178" hits="0" branch="false"/>
                <line number="179" hits="0" branch="false"/>
                <line number="180" hits="0" branch="false"/>
                <line number="181" hits="0" branch="false"/>
                <line number="182" hits="0" branch="false"/>
                <line number="183" hits="0" branch="false"/>
                <line number="184" hits="0" branch="false"/>
                <line number="185" hits="0" branch="false"/>
                <line number="186" hits="0" branch="false"/>
                <line number="187" hits="0" branch="false"/>
                <line number="188" hits="1" branch="false"/>
                <line number="189" hits="1" branch="false"/>
                <line number="190" hits="1" branch="false"/>
                <line number="191" hits="1" branch="false"/>
                <line number="192" hits="1" branch="false"/>
                <line number="193" hits="1" branch="false"/>
                <line number="194" hits="1" branch="false"/>
                <line number="195" hits="1" branch="false"/>
                <line number="196" hits="1" branch="false"/>
                <line number="197" hits="1" branch="false"/>
                <line number="198" hits="1" branch="false"/>
                <line number="199" hits="1" branch="false"/>
                <line number="200" hits="1" branch="false"/>
                <line number="201" hits="1" branch="false"/>
                <line number="202" hits="1" branch="false"/>
                <line number="203" hits="1" branch="false"/>
                <line number="204" hits="1" branch="false"/>
                <line number="205" hits="1" branch="false"/>
                <line number="206" hits="1" branch="false"/>
                <line number="207" hits="1" branch="false"/>
                <line number="208" hits="1" branch="false"/>
                <line number="209" hits="1" branch="false"/>
                <line number="210" hits="1" branch="false"/>
                <line number="211" hits="1" branch="false"/>
                <line number="212" hits="1" branch="false"/>
                <line number="214" hits="1" branch="false"/>
              </lines>
            </method>
          </methods>
          <lines>
            <line number="14" hits="1" branch="false"/>
            <line number="15" hits="1" branch="false"/>
            <line number="16" hits="1" branch="false"/>
            <line number="17" hits="1" branch="false"/>
            <line number="18" hits="1" branch="false"/>
            <line number="19" hits="1" branch="false"/>
            <line number="20" hits="1" branch="false"/>
            <line number="21" hits="1" branch="false"/>
            <line number="22" hits="1" branch="false"/>
            <line number="23" hits="1" branch="false"/>
            <line number="24" hits="1" branch="false"/>
            <line number="25" hits="1" branch="false"/>
            <line number="26" hits="1" branch="false"/>
            <line number="27" hits="1" branch="false"/>
            <line number="28" hits="1" branch="false"/>
            <line number="29" hits="1" branch="false"/>
            <line number="30" hits="1" branch="false"/>
            <line number="31" hits="1" branch="false"/>
            <line number="32" hits="1" branch="false"/>
            <line number="33" hits="1" branch="false"/>
            <line number="34" hits="1" branch="false"/>
            <line number="35" hits="1" branch="false"/>
            <line number="36" hits="1" branch="false"/>
            <line number="37" hits="1" branch="false"/>
            <line number="38" hits="1" branch="false"/>
            <line number="39" hits="1" branch="false"/>
            <line number="40" hits="1" branch="false"/>
            <line number="41" hits="1" branch="false"/>
            <line number="42" hits="0" branch="false"/>
            <line number="43" hits="0" branch="false"/>
            <line number="44" hits="0" branch="false"/>
            <line number="45" hits="0" branch="false"/>
            <line number="46" hits="0" branch="false"/>
            <line number="47" hits="0" branch="false"/>
            <line number="48" hits="0" branch="false"/>
            <line number="49" hits="0" branch="false"/>
            <line number="50" hits="0" branch="false"/>
            <line number="51" hits="0" branch="false"/>
            <line number="52" hits="0" branch="false"/>
            <line number="53" hits="0" branch="false"/>
            <line number="54" hits="0" branch="false"/>
            <line number="55" hits="0" branch="false"/>
            <line number="56" hits="0" branch="false"/>
            <line number="57" hits="0" branch="false"/>
            <line number="58" hits="0" branch="false"/>
            <line number="59" hits="0" branch="false"/>
            <line number="60" hits="0" branch="false"/>
            <line number="61" hits="0" branch="false"/>
            <line number="62" hits="0" branch="false"/>
            <line number="63" hits="0" branch="false"/>
            <line number="64" hits="0" branch="false"/>
            <line number="65" hits="0" branch="false"/>
            <line number="66" hits="0" branch="false"/>
            <line number="68" hits="1" branch="false"/>
            <line number="85" hits="1" branch="false"/>
            <line number="86" hits="1" branch="false"/>
            <line number="87" hits="1" branch="false"/>
            <line number="88" hits="0" branch="false"/>
            <line number="89" hits="0" branch="false"/>
            <line number="91" hits="0" branch="false"/>
            <line number="93" hits="1" branch="false"/>
            <line number="94" hits="1" branch="false"/>
            <line number="95" hits="1" branch="false"/>
            <line number="96" hits="1" branch="false"/>
            <line number="97" hits="1" branch="false"/>
            <line number="98" hits="1" branch="false"/>
            <line number="99" hits="1" branch="false"/>
            <line number="100" hits="1" branch="false"/>
            <line number="101" hits="1" branch="false"/>
            <line number="102" hits="1" branch="false"/>
            <line number="103" hits="1" branch="false"/>
            <line number="104" hits="1" branch="false"/>
            <line number="105" hits="1" branch="false"/>
            <line number="106" hits="1" branch="false"/>
            <line number="107" hits="1" branch="false"/>
            <line number="108" hits="1" branch="false"/>
            <line number="109" hits="1" branch="false"/>
            <line number="110" hits="1" branch="false"/>
            <line number="111" hits="1" branch="false"/>
            <line number="112" hits="1" branch="false"/>
            <line number="113" hits="1" branch="false"/>
            <line number="114" hits="1" branch="false"/>
            <line number="115" hits="1" branch="false"/>
            <line number="116" hits="1" branch="false"/>
            <line number="117" hits="1" branch="false"/>
            <line number="118" hits="0" branch="false"/>
            <line number="119" hits="0" branch="false"/>
            <line number="120" hits="0" branch="false"/>
            <line number="121" hits="0" branch="false"/>
            <line number="122" hits="0" branch="false"/>
            <line number="123" hits="0" branch="false"/>
            <line number="124" hits="0" branch="false"/>
            <line number="125" hits="0" branch="false"/>
            <line number="126" hits="0" branch="false"/>
            <line number="127" hits="0" branch="false"/>
            <line number="128" hits="0" branch="false"/>
            <line number="129" hits="0" branch="false"/>
            <line number="130" hits="0" branch="false"/>
            <line number="131" hits="0" branch="false"/>
            <line number="132" hits="0" branch="false"/>
            <line number="133" hits="0" branch="false"/>
            <line number="134" hits="0" branch="false"/>
            <line number="135" hits="0" branch="false"/>
            <line number="136" hits="0" branch="false"/>
            <line number="137" hits="0" branch="false"/>
            <line number="138" hits="0" branch="false"/>
            <line number="139" hits="0" branch="false"/>
            <line number="140" hits="0" branch="false"/>
            <line number="141" hits="0" branch="false"/>
            <line number="143" hits="1" branch="false"/>
            <line number="160" hits="1" branch="false"/>
            <line number="161" hits="1" branch="false"/>
            <line number="162" hits="1" branch="false"/>
            <line number="163" hits="1" branch="false"/>
            <line number="164" hits="0" branch="false"/>
            <line number="165" hits="0" branch="false"/>
            <line number="166" hits="0" branch="false"/>
            <line number="167" hits="0" branch="false"/>
            <line number="168" hits="0" branch="false"/>
            <line number="169" hits="0" branch="false"/>
            <line number="170" hits="0" branch="false"/>
            <line number="171" hits="0" branch="false"/>
            <line number="172" hits="0" branch="false"/>
            <line number="173" hits="0" branch="false"/>
            <line number="174" hits="0" branch="false"/>
            <line number="175" hits="0" branch="false"/>
            <line number="176" hits="0" branch="false"/>
            <line number="177" hits="0" branch="false"/>
            <line number="178" hits="0" branch="false"/>
            <line number="179" hits="0" branch="false"/>
            <line number="180" hits="0" branch="false"/>
            <line number="181" hits="0" branch="false"/>
            <line number="182" hits="0" branch="false"/>
            <line number="183" hits="0" branch="false"/>
            <line number="184" hits="0" branch="false"/>
            <line number="185" hits="0" branch="false"/>
            <line number="186" hits="0" branch="false"/>
            <line number="187" hits="0" branch="false"/>
            <line number="188" hits="1" branch="false"/>
            <line number="189" hits="1" branch="false"/>
            <line number="190" hits="1" branch="false"/>
            <line number="191" hits="1" branch="false"/>
            <line number="192" hits="1" branch="false"/>
            <line number="193" hits="1" branch="false"/>
            <line number="194" hits="1" branch="false"/>
            <line number="195" hits="1" branch="false"/>
            <line number="196" hits="1" branch="false"/>
            <line number="197" hits="1" branch="false"/>
            <line number="198" hits="1" branch="false"/>
            <line number="199" hits="1" branch="false"/>
            <line number="200" hits="1" branch="false"/>
            <line number="201" hits="1" branch="false"/>
            <line number="202" hits="1" branch="false"/>
            <line number="203" hits="1" branch="false"/>
            <line number="204" hits="1" branch="false"/>
            <line number="205" hits="1" branch="false"/>
            <line number="206" hits="1" branch="false"/>
            <line number="207" hits="1" branch="false"/>
            <line number="208" hits="1" branch="false"/>
            <line number="209" hits="1" branch="false"/>
            <line number="210" hits="1" branch="false"/>
            <line number="211" hits="1" branch="false"/>
            <line number="212" hits="1" branch="false"/>
            <line number="214" hits="1" branch="false"/>
          </lines>
        </class>
        <class name="preprocess.R" filename="R/preprocess.R" line-rate="1" branch-rate="0" complexity="0">
          <methods>
            <method name="preprocess" signature="" line-rate="1" branch-rate="0">
              <lines>
                <line number="24" hits="9" branch="false"/>
                <line number="25" hits="9" branch="false"/>
                <line number="26" hits="9" branch="false"/>
                <line number="27" hits="9" branch="false"/>
                <line number="28" hits="9" branch="false"/>
                <line number="29" hits="9" branch="false"/>
                <line number="30" hits="9" branch="false"/>
                <line number="31" hits="9" branch="false"/>
                <line number="32" hits="9" branch="false"/>
                <line number="33" hits="9" branch="false"/>
                <line number="34" hits="9" branch="false"/>
                <line number="35" hits="9" branch="false"/>
                <line number="36" hits="9" branch="false"/>
                <line number="37" hits="9" branch="false"/>
                <line number="38" hits="9" branch="false"/>
                <line number="39" hits="9" branch="false"/>
                <line number="40" hits="27" branch="false"/>
                <line number="41" hits="27" branch="false"/>
                <line number="42" hits="27" branch="false"/>
                <line number="43" hits="27" branch="false"/>
                <line number="44" hits="27" branch="false"/>
                <line number="45" hits="27" branch="false"/>
                <line number="47" hits="9" branch="false"/>
                <line number="48" hits="9" branch="false"/>
                <line number="49" hits="9" branch="false"/>
                <line number="50" hits="9" branch="false"/>
                <line number="51" hits="9" branch="false"/>
                <line number="52" hits="18" branch="false"/>
                <line number="53" hits="18" branch="false"/>
                <line number="54" hits="18" branch="false"/>
                <line number="55" hits="18" branch="false"/>
                <line number="57" hits="9" branch="false"/>
                <line number="58" hits="9" branch="false"/>
                <line number="60" hits="9" branch="false"/>
                <line number="61" hits="9" branch="false"/>
                <line number="62" hits="9" branch="false"/>
                <line number="63" hits="9" branch="false"/>
                <line number="64" hits="9" branch="false"/>
                <line number="65" hits="9" branch="false"/>
              </lines>
            </method>
          </methods>
          <lines>
            <line number="24" hits="9" branch="false"/>
            <line number="25" hits="9" branch="false"/>
            <line number="26" hits="9" branch="false"/>
            <line number="27" hits="9" branch="false"/>
            <line number="28" hits="9" branch="false"/>
            <line number="29" hits="9" branch="false"/>
            <line number="30" hits="9" branch="false"/>
            <line number="31" hits="9" branch="false"/>
            <line number="32" hits="9" branch="false"/>
            <line number="33" hits="9" branch="false"/>
            <line number="34" hits="9" branch="false"/>
            <line number="35" hits="9" branch="false"/>
            <line number="36" hits="9" branch="false"/>
            <line number="37" hits="9" branch="false"/>
            <line number="38" hits="9" branch="false"/>
            <line number="39" hits="9" branch="false"/>
            <line number="40" hits="27" branch="false"/>
            <line number="41" hits="27" branch="false"/>
            <line number="42" hits="27" branch="false"/>
            <line number="43" hits="27" branch="false"/>
            <line number="44" hits="27" branch="false"/>
            <line number="45" hits="27" branch="false"/>
            <line number="47" hits="9" branch="false"/>
            <line number="48" hits="9" branch="false"/>
            <line number="49" hits="9" branch="false"/>
            <line number="50" hits="9" branch="false"/>
            <line number="51" hits="9" branch="false"/>
            <line number="52" hits="18" branch="false"/>
            <line number="53" hits="18" branch="false"/>
            <line number="54" hits="18" branch="false"/>
            <line number="55" hits="18" branch="false"/>
            <line number="57" hits="9" branch="false"/>
            <line number="58" hits="9" branch="false"/>
            <line number="60" hits="9" branch="false"/>
            <line number="61" hits="9" branch="false"/>
            <line number="62" hits="9" branch="false"/>
            <line number="63" hits="9" branch="false"/>
            <line number="64" hits="9" branch="false"/>
            <line number="65" hits="9" branch="false"/>
          </lines>
        </class>
        <class name="print.R" filename="R/print.R" line-rate="1" branch-rate="0" complexity="0">
          <methods>
            <method name="print.summary.naivepop" signature="" line-rate="1" branch-rate="0">
              <lines>
                <line number="14" hits="1" branch="false"/>
                <line number="15" hits="1" branch="false"/>
                <line number="16" hits="1" branch="false"/>
              </lines>
            </method>
            <method name="print.summary.naive" signature="" line-rate="1" branch-rate="0">
              <lines>
                <line number="32" hits="1" branch="false"/>
                <line number="33" hits="1" branch="false"/>
                <line number="34" hits="1" branch="false"/>
              </lines>
            </method>
            <method name="print.summary.elastic_net" signature="" line-rate="1" branch-rate="0">
              <lines>
                <line number="51" hits="1" branch="false"/>
                <line number="52" hits="1" branch="false"/>
                <line number="53" hits="1" branch="false"/>
              </lines>
            </method>
            <method name="print.summary.horseshoe" signature="" line-rate="1" branch-rate="0">
              <lines>
                <line number="70" hits="1" branch="false"/>
                <line number="71" hits="1" branch="false"/>
                <line number="72" hits="1" branch="false"/>
              </lines>
            </method>
          </methods>
          <lines>
            <line number="14" hits="1" branch="false"/>
            <line number="15" hits="1" branch="false"/>
            <line number="16" hits="1" branch="false"/>
            <line number="32" hits="1" branch="false"/>
            <line number="33" hits="1" branch="false"/>
            <line number="34" hits="1" branch="false"/>
            <line number="51" hits="1" branch="false"/>
            <line number="52" hits="1" branch="false"/>
            <line number="53" hits="1" branch="false"/>
            <line number="70" hits="1" branch="false"/>
            <line number="71" hits="1" branch="false"/>
            <line number="72" hits="1" branch="false"/>
          </lines>
        </class>
        <class name="subgroups.R" filename="R/subgroups.R" line-rate="1" branch-rate="0" complexity="0">
          <methods>
            <method name="subgroups" signature="" line-rate="1" branch-rate="0">
              <lines>
                <line number="25" hits="15" branch="false"/>
                <line number="26" hits="15" branch="false"/>
                <line number="27" hits="15" branch="false"/>
                <line number="28" hits="15" branch="false"/>
                <line number="29" hits="15" branch="false"/>
                <line number="30" hits="15" branch="false"/>
                <line number="31" hits="15" branch="false"/>
                <line number="32" hits="15" branch="false"/>
                <line number="33" hits="15" branch="false"/>
                <line number="34" hits="186" branch="false"/>
                <line number="35" hits="186" branch="false"/>
                <line number="36" hits="186" branch="false"/>
                <line number="37" hits="87" branch="false"/>
                <line number="38" hits="87" branch="false"/>
                <line number="39" hits="87" branch="false"/>
                <line number="40" hits="99" branch="false"/>
                <line number="41" hits="99" branch="false"/>
                <line number="43" hits="186" branch="false"/>
                <line number="45" hits="15" branch="false"/>
              </lines>
            </method>
          </methods>
          <lines>
            <line number="25" hits="15" branch="false"/>
            <line number="26" hits="15" branch="false"/>
            <line number="27" hits="15" branch="false"/>
            <line number="28" hits="15" branch="false"/>
            <line number="29" hits="15" branch="false"/>
            <line number="30" hits="15" branch="false"/>
            <line number="31" hits="15" branch="false"/>
            <line number="32" hits="15" branch="false"/>
            <line number="33" hits="15" branch="false"/>
            <line number="34" hits="186" branch="false"/>
            <line number="35" hits="186" branch="false"/>
            <line number="36" hits="186" branch="false"/>
            <line number="37" hits="87" branch="false"/>
            <line number="38" hits="87" branch="false"/>
            <line number="39" hits="87" branch="false"/>
            <line number="40" hits="99" branch="false"/>
            <line number="41" hits="99" branch="false"/>
            <line number="43" hits="186" branch="false"/>
            <line number="45" hits="15" branch="false"/>
          </lines>
        </class>
        <class name="summary.R" filename="R/summary.R" line-rate="0.967391304347826" branch-rate="0" complexity="0">
          <methods>
            <method name="summary.naivepop" signature="" line-rate="1" branch-rate="0">
              <lines>
                <line number="14" hits="3" branch="false"/>
                <line number="15" hits="3" branch="false"/>
                <line number="16" hits="1" branch="false"/>
                <line number="17" hits="2" branch="false"/>
                <line number="18" hits="2" branch="false"/>
                <line number="20" hits="3" branch="false"/>
                <line number="21" hits="3" branch="false"/>
                <line number="22" hits="3" branch="false"/>
                <line number="23" hits="3" branch="false"/>
                <line number="24" hits="3" branch="false"/>
                <line number="25" hits="3" branch="false"/>
              </lines>
            </method>
            <method name="summary.naive" signature="" line-rate="1" branch-rate="0">
              <lines>
                <line number="47" hits="4" branch="false"/>
                <line number="48" hits="4" branch="false"/>
                <line number="49" hits="4" branch="false"/>
                <line number="50" hits="4" branch="false"/>
                <line number="51" hits="4" branch="false"/>
                <line number="52" hits="4" branch="false"/>
                <line number="53" hits="4" branch="false"/>
                <line number="54" hits="4" branch="false"/>
                <line number="55" hits="2" branch="false"/>
                <line number="57" hits="4" branch="false"/>
                <line number="58" hits="4" branch="false"/>
                <line number="59" hits="4" branch="false"/>
                <line number="60" hits="4" branch="false"/>
                <line number="61" hits="4" branch="false"/>
                <line number="62" hits="4" branch="false"/>
                <line number="63" hits="4" branch="false"/>
              </lines>
            </method>
            <method name="summary.elastic_net" signature="" line-rate="0.95" branch-rate="0">
              <lines>
                <line number="92" hits="4" branch="false"/>
                <line number="93" hits="4" branch="false"/>
                <line number="94" hits="4" branch="false"/>
                <line number="95" hits="4" branch="false"/>
                <line number="96" hits="4" branch="false"/>
                <line number="97" hits="4" branch="false"/>
                <line number="98" hits="4" branch="false"/>
                <line number="100" hits="0" branch="false"/>
                <line number="102" hits="4" branch="false"/>
                <line number="103" hits="4" branch="false"/>
                <line number="104" hits="2" branch="false"/>
                <line number="105" hits="4" branch="false"/>
                <line number="106" hits="2" branch="false"/>
                <line number="107" hits="2" branch="false"/>
                <line number="108" hits="2" branch="false"/>
                <line number="109" hits="2" branch="false"/>
                <line number="110" hits="2" branch="false"/>
                <line number="111" hits="2" branch="false"/>
                <line number="112" hits="2" branch="false"/>
                <line number="113" hits="2" branch="false"/>
                <line number="114" hits="2" branch="false"/>
                <line number="115" hits="2" branch="false"/>
                <line number="116" hits="2" branch="false"/>
                <line number="117" hits="2" branch="false"/>
                <line number="118" hits="2" branch="false"/>
                <line number="119" hits="2" branch="false"/>
                <line number="120" hits="4" branch="false"/>
                <line number="121" hits="0" branch="false"/>
                <line number="122" hits="4" branch="false"/>
                <line number="123" hits="2" branch="false"/>
                <line number="124" hits="2" branch="false"/>
                <line number="125" hits="2" branch="false"/>
                <line number="126" hits="4" branch="false"/>
                <line number="127" hits="4" branch="false"/>
                <line number="128" hits="4" branch="false"/>
                <line number="129" hits="4" branch="false"/>
                <line number="130" hits="4" branch="false"/>
                <line number="131" hits="4" branch="false"/>
                <line number="132" hits="4" branch="false"/>
                <line number="133" hits="4" branch="false"/>
              </lines>
            </method>
            <method name="summary.horseshoe" signature="" line-rate="0.96" branch-rate="0">
              <lines>
                <line number="168" hits="4" branch="false"/>
                <line number="169" hits="4" branch="false"/>
                <line number="170" hits="4" branch="false"/>
                <line number="171" hits="4" branch="false"/>
                <line number="172" hits="4" branch="false"/>
                <line number="173" hits="0" branch="false"/>
                <line number="175" hits="4" branch="false"/>
                <line number="176" hits="4" branch="false"/>
                <line number="177" hits="4" branch="false"/>
                <line number="178" hits="4" branch="false"/>
                <line number="179" hits="4" branch="false"/>
                <line number="180" hits="4" branch="false"/>
                <line number="181" hits="4" branch="false"/>
                <line number="182" hits="4" branch="false"/>
                <line number="183" hits="4" branch="false"/>
                <line number="184" hits="4" branch="false"/>
                <line number="185" hits="4" branch="false"/>
                <line number="186" hits="4" branch="false"/>
                <line number="187" hits="4" branch="false"/>
                <line number="188" hits="4" branch="false"/>
                <line number="189" hits="4" branch="false"/>
                <line number="190" hits="4" branch="false"/>
                <line number="191" hits="4" branch="false"/>
                <line number="192" hits="4" branch="false"/>
                <line number="193" hits="4" branch="false"/>
              </lines>
            </method>
          </methods>
          <lines>
            <line number="14" hits="3" branch="false"/>
            <line number="15" hits="3" branch="false"/>
            <line number="16" hits="1" branch="false"/>
            <line number="17" hits="2" branch="false"/>
            <line number="18" hits="2" branch="false"/>
            <line number="20" hits="3" branch="false"/>
            <line number="21" hits="3" branch="false"/>
            <line number="22" hits="3" branch="false"/>
            <line number="23" hits="3" branch="false"/>
            <line number="24" hits="3" branch="false"/>
            <line number="25" hits="3" branch="false"/>
            <line number="47" hits="4" branch="false"/>
            <line number="48" hits="4" branch="false"/>
            <line number="49" hits="4" branch="false"/>
            <line number="50" hits="4" branch="false"/>
            <line number="51" hits="4" branch="false"/>
            <line number="52" hits="4" branch="false"/>
            <line number="53" hits="4" branch="false"/>
            <line number="54" hits="4" branch="false"/>
            <line number="55" hits="2" branch="false"/>
            <line number="57" hits="4" branch="false"/>
            <line number="58" hits="4" branch="false"/>
            <line number="59" hits="4" branch="false"/>
            <line number="60" hits="4" branch="false"/>
            <line number="61" hits="4" branch="false"/>
            <line number="62" hits="4" branch="false"/>
            <line number="63" hits="4" branch="false"/>
            <line number="92" hits="4" branch="false"/>
            <line number="93" hits="4" branch="false"/>
            <line number="94" hits="4" branch="false"/>
            <line number="95" hits="4" branch="false"/>
            <line number="96" hits="4" branch="false"/>
            <line number="97" hits="4" branch="false"/>
            <line number="98" hits="4" branch="false"/>
            <line number="100" hits="0" branch="false"/>
            <line number="102" hits="4" branch="false"/>
            <line number="103" hits="4" branch="false"/>
            <line number="104" hits="2" branch="false"/>
            <line number="105" hits="4" branch="false"/>
            <line number="106" hits="2" branch="false"/>
            <line number="107" hits="2" branch="false"/>
            <line number="108" hits="2" branch="false"/>
            <line number="109" hits="2" branch="false"/>
            <line number="110" hits="2" branch="false"/>
            <line number="111" hits="2" branch="false"/>
            <line number="112" hits="2" branch="false"/>
            <line number="113" hits="2" branch="false"/>
            <line number="114" hits="2" branch="false"/>
            <line number="115" hits="2" branch="false"/>
            <line number="116" hits="2" branch="false"/>
            <line number="117" hits="2" branch="false"/>
            <line number="118" hits="2" branch="false"/>
            <line number="119" hits="2" branch="false"/>
            <line number="120" hits="4" branch="false"/>
            <line number="121" hits="0" branch="false"/>
            <line number="122" hits="4" branch="false"/>
            <line number="123" hits="2" branch="false"/>
            <line number="124" hits="2" branch="false"/>
            <line number="125" hits="2" branch="false"/>
            <line number="126" hits="4" branch="false"/>
            <line number="127" hits="4" branch="false"/>
            <line number="128" hits="4" branch="false"/>
            <line number="129" hits="4" branch="false"/>
            <line number="130" hits="4" branch="false"/>
            <line number="131" hits="4" branch="false"/>
            <line number="132" hits="4" branch="false"/>
            <line number="133" hits="4" branch="false"/>
            <line number="168" hits="4" branch="false"/>
            <line number="169" hits="4" branch="false"/>
            <line number="170" hits="4" branch="false"/>
            <line number="171" hits="4" branch="false"/>
            <line number="172" hits="4" branch="false"/>
            <line number="173" hits="0" branch="false"/>
            <line number="175" hits="4" branch="false"/>
            <line number="176" hits="4" branch="false"/>
            <line number="177" hits="4" branch="false"/>
            <line number="178" hits="4" branch="false"/>
            <line number="179" hits="4" branch="false"/>
            <line number="180" hits="4" branch="false"/>
            <line number="181" hits="4" branch="false"/>
            <line number="182" hits="4" branch="false"/>
            <line number="183" hits="4" branch="false"/>
            <line number="184" hits="4" branch="false"/>
            <line number="185" hits="4" branch="false"/>
            <line number="186" hits="4" branch="false"/>
            <line number="187" hits="4" branch="false"/>
            <line number="188" hits="4" branch="false"/>
            <line number="189" hits="4" branch="false"/>
            <line number="190" hits="4" branch="false"/>
            <line number="191" hits="4" branch="false"/>
            <line number="192" hits="4" branch="false"/>
            <line number="193" hits="4" branch="false"/>
          </lines>
        </class>
        <class name="survival_curves.R" filename="R/survival_curves.R" line-rate="1" branch-rate="0" complexity="0">
          <methods>
            <method name="survival_curves" signature="" line-rate="1" branch-rate="0">
              <lines>
                <line number="20" hits="177" branch="false"/>
                <line number="21" hits="177" branch="false"/>
                <line number="22" hits="177" branch="false"/>
                <line number="23" hits="177" branch="false"/>
                <line number="24" hits="177" branch="false"/>
                <line number="25" hits="177" branch="false"/>
                <line number="26" hits="177" branch="false"/>
              </lines>
            </method>
          </methods>
          <lines>
            <line number="20" hits="177" branch="false"/>
            <line number="21" hits="177" branch="false"/>
            <line number="22" hits="177" branch="false"/>
            <line number="23" hits="177" branch="false"/>
            <line number="24" hits="177" branch="false"/>
            <line number="25" hits="177" branch="false"/>
            <line number="26" hits="177" branch="false"/>
          </lines>
        </class>
        <class name="test.R" filename="R/test.R" line-rate="1" branch-rate="0" complexity="0">
          <methods>
            <method name="test" signature="" line-rate="1" branch-rate="0">
              <lines>
                <line number="19" hits="1" branch="false"/>
                <line number="20" hits="1" branch="false"/>
                <line number="21" hits="1" branch="false"/>
                <line number="23" hits="1" branch="false"/>
              </lines>
            </method>
          </methods>
          <lines>
            <line number="19" hits="1" branch="false"/>
            <line number="20" hits="1" branch="false"/>
            <line number="21" hits="1" branch="false"/>
            <line number="23" hits="1" branch="false"/>
          </lines>
        </class>
        <class name="trt_horseshoe.R" filename="R/trt_horseshoe.R" line-rate="0.973684210526316" branch-rate="0" complexity="0">
          <methods>
            <method name="trt_horseshoe" signature="" line-rate="0.973684210526316" branch-rate="0">
              <lines>
                <line number="24" hits="9" branch="false"/>
                <line number="25" hits="9" branch="false"/>
                <line number="26" hits="9" branch="false"/>
                <line number="27" hits="9" branch="false"/>
                <line number="28" hits="9" branch="false"/>
                <line number="29" hits="9" branch="false"/>
                <line number="30" hits="9" branch="false"/>
                <line number="31" hits="9" branch="false"/>
                <line number="32" hits="6" branch="false"/>
                <line number="33" hits="6" branch="false"/>
                <line number="34" hits="9" branch="false"/>
                <line number="35" hits="3" branch="false"/>
                <line number="36" hits="3" branch="false"/>
                <line number="37" hits="3" branch="false"/>
                <line number="38" hits="3" branch="false"/>
                <line number="39" hits="3" branch="false"/>
                <line number="40" hits="3" branch="false"/>
                <line number="41" hits="3" branch="false"/>
                <line number="42" hits="3" branch="false"/>
                <line number="43" hits="3" branch="false"/>
                <line number="44" hits="3" branch="false"/>
                <line number="45" hits="3" branch="false"/>
                <line number="46" hits="3" branch="false"/>
                <line number="47" hits="9" branch="false"/>
                <line number="48" hits="0" branch="false"/>
                <line number="49" hits="9" branch="false"/>
                <line number="51" hits="3" branch="false"/>
                <line number="52" hits="3" branch="false"/>
                <line number="53" hits="3" branch="false"/>
                <line number="54" hits="3" branch="false"/>
                <line number="55" hits="3" branch="false"/>
                <line number="56" hits="3" branch="false"/>
                <line number="57" hits="3" branch="false"/>
                <line number="58" hits="3" branch="false"/>
                <line number="59" hits="3" branch="false"/>
                <line number="60" hits="3" branch="false"/>
                <line number="61" hits="3" branch="false"/>
                <line number="62" hits="9" branch="false"/>
              </lines>
            </method>
          </methods>
          <lines>
            <line number="24" hits="9" branch="false"/>
            <line number="25" hits="9" branch="false"/>
            <line number="26" hits="9" branch="false"/>
            <line number="27" hits="9" branch="false"/>
            <line number="28" hits="9" branch="false"/>
            <line number="29" hits="9" branch="false"/>
            <line number="30" hits="9" branch="false"/>
            <line number="31" hits="9" branch="false"/>
            <line number="32" hits="6" branch="false"/>
            <line number="33" hits="6" branch="false"/>
            <line number="34" hits="9" branch="false"/>
            <line number="35" hits="3" branch="false"/>
            <line number="36" hits="3" branch="false"/>
            <line number="37" hits="3" branch="false"/>
            <line number="38" hits="3" branch="false"/>
            <line number="39" hits="3" branch="false"/>
            <line number="40" hits="3" branch="false"/>
            <line number="41" hits="3" branch="false"/>
            <line number="42" hits="3" branch="false"/>
            <line number="43" hits="3" branch="false"/>
            <line number="44" hits="3" branch="false"/>
            <line number="45" hits="3" branch="false"/>
            <line number="46" hits="3" branch="false"/>
            <line number="47" hits="9" branch="false"/>
            <line number="48" hits="0" branch="false"/>
            <line number="49" hits="9" branch="false"/>
            <line number="51" hits="3" branch="false"/>
            <line number="52" hits="3" branch="false"/>
            <line number="53" hits="3" branch="false"/>
            <line number="54" hits="3" branch="false"/>
            <line number="55" hits="3" branch="false"/>
            <line number="56" hits="3" branch="false"/>
            <line number="57" hits="3" branch="false"/>
            <line number="58" hits="3" branch="false"/>
            <line number="59" hits="3" branch="false"/>
            <line number="60" hits="3" branch="false"/>
            <line number="61" hits="3" branch="false"/>
            <line number="62" hits="9" branch="false"/>
          </lines>
        </class>
        <class name="surv_prob.cpp" filename="src/surv_prob.cpp" line-rate="1" branch-rate="0" complexity="0">
          <methods/>
          <lines>
            <line number="5" hits="179" branch="false"/>
            <line number="6" hits="179" branch="false"/>
            <line number="7" hits="96334" branch="false"/>
            <line number="8" hits="384620" branch="false"/>
            <line number="9" hits="96155" branch="false"/>
            <line number="10" hits="96155" branch="false"/>
            <line number="11" hits="96155" branch="false"/>
            <line number="12" hits="96155" branch="false"/>
            <line number="13" hits="358" branch="false"/>
            <line number="14" hits="179" branch="false"/>
          </lines>
        </class>
      </classes>
    </package>
  </packages>
</coverage>
