<?xml version="1.0" encoding="UTF-8"?>
<testsuites>
  <testsuite name="ahr_estimation" timestamp="2023-02-13T17:46:42Z" hostname="56646a19c873" tests="1" skipped="0" failures="0" errors="0" time="0.046">
    <testcase time="0.0459999999999998" classname="ahr_estimation" name="ahr_estimation_outputs_the_right_element"/>
  </testsuite>
  <testsuite name="elastic_net" timestamp="2023-02-13T17:46:42Z" hostname="56646a19c873" tests="2" skipped="0" failures="0" errors="0" time="0.524">
    <testcase time="0.381" classname="elastic_net" name="elastic_net_outputs_the_right_elements_for_survival"/>
    <testcase time="0.143" classname="elastic_net" name="elastic_net_outputs_the_right_elements_for_binary"/>
  </testsuite>
  <testsuite name="generate_stacked_data" timestamp="2023-02-13T17:46:43Z" hostname="56646a19c873" tests="5" skipped="0" failures="0" errors="0" time="0.316">
    <testcase time="0.0979999999999999" classname="generate_stacked_data" name="generate_stacked_data_outputs_the_right_element_for_survival"/>
    <testcase time="0.0490000000000004" classname="generate_stacked_data" name="generate_stacked_data_outputs_the_right_element_for_survival"/>
    <testcase time="0.0489999999999999" classname="generate_stacked_data" name="generate_stacked_data_outputs_the_right_element_for_survival"/>
    <testcase time="0.0539999999999998" classname="generate_stacked_data" name="generate_stacked_data_outputs_the_right_element_for_survival"/>
    <testcase time="0.0659999999999998" classname="generate_stacked_data" name="generate_stacked_data_outputs_the_right_element_for_binary"/>
  </testsuite>
  <testsuite name="hello" timestamp="2023-02-13T17:46:43Z" hostname="56646a19c873" tests="1" skipped="0" failures="0" errors="0" time="0.005">
    <testcase time="0.00499999999999989" classname="hello" name="hello_greets_the_entity"/>
  </testsuite>
  <testsuite name="horseshoe" timestamp="2023-02-13T17:46:43Z" hostname="56646a19c873" tests="2" skipped="0" failures="0" errors="0" time="257.772">
    <testcase time="164.096" classname="horseshoe" name="horseshoe_outputs_the_right_elements_for_survival"/>
    <testcase time="93.676" classname="horseshoe" name="horseshoe_outputs_the_right_elements_for_binary"/>
  </testsuite>
  <testsuite name="lOR_estimation" timestamp="2023-02-13T17:51:01Z" hostname="56646a19c873" tests="1" skipped="0" failures="0" errors="0" time="0.005">
    <testcase time="0.0050000000000523" classname="lOR_estimation" name="lor_estimation_outputs_the_right_element"/>
  </testsuite>
  <testsuite name="naive" timestamp="2023-02-13T17:51:01Z" hostname="56646a19c873" tests="2" skipped="0" failures="0" errors="0" time="0.33">
    <testcase time="0.155999999999949" classname="naive" name="naive_outputs_the_right_elements_for_survival"/>
    <testcase time="0.174000000000035" classname="naive" name="naive_outputs_the_right_elements_for_binary"/>
  </testsuite>
  <testsuite name="naivepop" timestamp="2023-02-13T17:51:01Z" hostname="56646a19c873" tests="2" skipped="0" failures="0" errors="0" time="0.019">
    <testcase time="0.0129999999999768" classname="naivepop" name="naivepop_produces_expected_coefficients_of_the_model"/>
    <testcase time="0.00600000000002865" classname="naivepop" name="naivepop_outputs_the_right_elements"/>
  </testsuite>
  <testsuite name="preprocess" timestamp="2023-02-13T17:51:01Z" hostname="56646a19c873" tests="1" skipped="0" failures="0" errors="0" time="0.012">
    <testcase time="0.0120000000000005" classname="preprocess" name="preprocess_outputs_the_right_elements"/>
  </testsuite>
  <testsuite name="print" timestamp="2023-02-13T17:51:01Z" hostname="56646a19c873" tests="1" skipped="0" failures="0" errors="0" time="3.333">
    <testcase time="3.33299999999997" classname="print" name="print.summary.horseshoe_outputs_the_right_element"/>
  </testsuite>
  <testsuite name="subgroups" timestamp="2023-02-13T17:51:05Z" hostname="56646a19c873" tests="2" skipped="0" failures="0" errors="0" time="0.397">
    <testcase time="0.381000000000029" classname="subgroups" name="subgroups_outputs_the_right_element_for_survival"/>
    <testcase time="0.0159999999999627" classname="subgroups" name="subgroups_outputs_the_right_element_for_binary"/>
  </testsuite>
  <testsuite name="summary" timestamp="2023-02-13T17:51:05Z" hostname="56646a19c873" tests="8" skipped="0" failures="2" errors="0" time="28.914">
    <testcase time="0.00600000000002865" classname="summary" name="summary_outputs_the_right_element_for_naivepop_survival"/>
    <testcase time="0.00200000000000955" classname="summary" name="summary_outputs_the_right_element_for_naivepop_binary"/>
    <testcase time="0.0029999999999859" classname="summary" name="summary_outputs_the_right_element_for_naive_survival"/>
    <testcase time="0.0029999999999859" classname="summary" name="summary_outputs_the_right_element_for_naive_binary"/>
    <testcase time="0.470000000000027" classname="summary" name="summary_outputs_the_right_element_for_elastic_net_survival"/>
    <testcase time="0.0169999999999959" classname="summary" name="summary_outputs_the_right_element_for_elastic_net_binary"/>
    <testcase time="24.563" classname="summary" name="summary_outputs_the_right_element_for_horseshoe_survival">
      <failure type="failure" message="`result` not equal to `expected`. ('test-summary.R:127')">`result` not equal to `expected`.
Attributes: &lt; Component "class": 1 string mismatch &gt;</failure>
    </testcase>
    <testcase time="3.85000000000002" classname="summary" name="summary_outputs_the_right_element_for_horseshoe_binary">
      <failure type="failure" message="`result` not equal to `expected`. ('test-summary.R:151')">`result` not equal to `expected`.
Attributes: &lt; Component "class": 1 string mismatch &gt;</failure>
    </testcase>
  </testsuite>
  <testsuite name="surv_prob" timestamp="2023-02-13T17:51:34Z" hostname="56646a19c873" tests="1" skipped="0" failures="0" errors="0" time="0.021">
    <testcase time="0.0209999999999582" classname="surv_prob" name="surv_prob_outputs_the_right_element"/>
  </testsuite>
  <testsuite name="survival_curves" timestamp="2023-02-13T17:51:34Z" hostname="56646a19c873" tests="1" skipped="0" failures="0" errors="0" time="0.005">
    <testcase time="0.00499999999999545" classname="survival_curves" name="survival_curves_outputs_the_right_element"/>
  </testsuite>
  <testsuite name="test" timestamp="2023-02-13T17:51:34Z" hostname="56646a19c873" tests="1" skipped="0" failures="0" errors="0" time="0.004">
    <testcase time="0.0040000000000191" classname="test" name="test_works_as_expected"/>
  </testsuite>
  <testsuite name="trt_horseshoe" timestamp="2023-02-13T17:51:34Z" hostname="56646a19c873" tests="2" skipped="0" failures="0" errors="0" time="14.735">
    <testcase time="12.813" classname="trt_horseshoe" name="trt_horseshoe_outputs_the_right_element_for_survival"/>
    <testcase time="1.92200000000003" classname="trt_horseshoe" name="trt_horseshoe_outputs_the_right_element_for_binary"/>
  </testsuite>
</testsuites>
