<?xml version="1.0" encoding="UTF-8"?>
<coverage line-rate="0.987261146496815" branch-rate="0" lines-covered="465" lines-valid="471" branches-covered="0" branches-valid="0" complexity="0" version="3.6.1" timestamp="2023-02-14 13:01:24">
  <sources/>
  <packages>
    <package name="shrinkforest" line-rate="0.987261146496815" branch-rate="0" complexity="0">
      <classes>
        <class name="ahr_estimation.R" filename="R/ahr_estimation.R" line-rate="1" branch-rate="0" complexity="0">
          <methods>
            <method name="ahr_estimation" signature="" line-rate="1" branch-rate="0">
              <lines>
                <line number="24" hits="63" branch="false"/>
                <line number="25" hits="63" branch="false"/>
                <line number="26" hits="63" branch="false"/>
                <line number="27" hits="63" branch="false"/>
                <line number="28" hits="63" branch="false"/>
                <line number="29" hits="63" branch="false"/>
                <line number="30" hits="63" branch="false"/>
                <line number="31" hits="126" branch="false"/>
                <line number="32" hits="126" branch="false"/>
                <line number="33" hits="126" branch="false"/>
                <line number="34" hits="126" branch="false"/>
                <line number="35" hits="126" branch="false"/>
                <line number="37" hits="63" branch="false"/>
                <line number="38" hits="63" branch="false"/>
                <line number="39" hits="63" branch="false"/>
                <line number="40" hits="126" branch="false"/>
                <line number="41" hits="126" branch="false"/>
                <line number="42" hits="126" branch="false"/>
                <line number="43" hits="126" branch="false"/>
                <line number="44" hits="126" branch="false"/>
                <line number="45" hits="126" branch="false"/>
                <line number="47" hits="63" branch="false"/>
                <line number="48" hits="63" branch="false"/>
              </lines>
            </method>
          </methods>
          <lines>
            <line number="24" hits="63" branch="false"/>
            <line number="25" hits="63" branch="false"/>
            <line number="26" hits="63" branch="false"/>
            <line number="27" hits="63" branch="false"/>
            <line number="28" hits="63" branch="false"/>
            <line number="29" hits="63" branch="false"/>
            <line number="30" hits="63" branch="false"/>
            <line number="31" hits="126" branch="false"/>
            <line number="32" hits="126" branch="false"/>
            <line number="33" hits="126" branch="false"/>
            <line number="34" hits="126" branch="false"/>
            <line number="35" hits="126" branch="false"/>
            <line number="37" hits="63" branch="false"/>
            <line number="38" hits="63" branch="false"/>
            <line number="39" hits="63" branch="false"/>
            <line number="40" hits="126" branch="false"/>
            <line number="41" hits="126" branch="false"/>
            <line number="42" hits="126" branch="false"/>
            <line number="43" hits="126" branch="false"/>
            <line number="44" hits="126" branch="false"/>
            <line number="45" hits="126" branch="false"/>
            <line number="47" hits="63" branch="false"/>
            <line number="48" hits="63" branch="false"/>
          </lines>
        </class>
        <class name="elastic_net.R" filename="R/elastic_net.R" line-rate="1" branch-rate="0" complexity="0">
          <methods>
            <method name="elastic_net" signature="" line-rate="1" branch-rate="0">
              <lines>
                <line number="37" hits="2" branch="false"/>
                <line number="38" hits="2" branch="false"/>
                <line number="39" hits="2" branch="false"/>
                <line number="40" hits="2" branch="false"/>
                <line number="41" hits="2" branch="false"/>
                <line number="42" hits="2" branch="false"/>
                <line number="43" hits="2" branch="false"/>
                <line number="44" hits="2" branch="false"/>
                <line number="45" hits="2" branch="false"/>
                <line number="46" hits="1" branch="false"/>
                <line number="47" hits="1" branch="false"/>
                <line number="48" hits="1" branch="false"/>
                <line number="49" hits="1" branch="false"/>
                <line number="50" hits="1" branch="false"/>
                <line number="51" hits="1" branch="false"/>
                <line number="52" hits="1" branch="false"/>
                <line number="53" hits="1" branch="false"/>
                <line number="54" hits="1" branch="false"/>
                <line number="55" hits="1" branch="false"/>
                <line number="56" hits="1" branch="false"/>
                <line number="57" hits="1" branch="false"/>
                <line number="58" hits="1" branch="false"/>
                <line number="59" hits="1" branch="false"/>
                <line number="60" hits="1" branch="false"/>
                <line number="61" hits="1" branch="false"/>
                <line number="62" hits="1" branch="false"/>
                <line number="63" hits="1" branch="false"/>
                <line number="64" hits="1" branch="false"/>
                <line number="65" hits="1" branch="false"/>
                <line number="66" hits="1" branch="false"/>
                <line number="67" hits="1" branch="false"/>
                <line number="68" hits="1" branch="false"/>
                <line number="69" hits="1" branch="false"/>
                <line number="70" hits="1" branch="false"/>
                <line number="71" hits="1" branch="false"/>
                <line number="73" hits="2" branch="false"/>
                <line number="74" hits="2" branch="false"/>
                <line number="75" hits="2" branch="false"/>
                <line number="76" hits="2" branch="false"/>
                <line number="77" hits="2" branch="false"/>
                <line number="78" hits="2" branch="false"/>
                <line number="79" hits="2" branch="false"/>
                <line number="80" hits="2" branch="false"/>
                <line number="81" hits="2" branch="false"/>
                <line number="82" hits="2" branch="false"/>
                <line number="83" hits="2" branch="false"/>
                <line number="84" hits="2" branch="false"/>
                <line number="85" hits="2" branch="false"/>
              </lines>
            </method>
          </methods>
          <lines>
            <line number="37" hits="2" branch="false"/>
            <line number="38" hits="2" branch="false"/>
            <line number="39" hits="2" branch="false"/>
            <line number="40" hits="2" branch="false"/>
            <line number="41" hits="2" branch="false"/>
            <line number="42" hits="2" branch="false"/>
            <line number="43" hits="2" branch="false"/>
            <line number="44" hits="2" branch="false"/>
            <line number="45" hits="2" branch="false"/>
            <line number="46" hits="1" branch="false"/>
            <line number="47" hits="1" branch="false"/>
            <line number="48" hits="1" branch="false"/>
            <line number="49" hits="1" branch="false"/>
            <line number="50" hits="1" branch="false"/>
            <line number="51" hits="1" branch="false"/>
            <line number="52" hits="1" branch="false"/>
            <line number="53" hits="1" branch="false"/>
            <line number="54" hits="1" branch="false"/>
            <line number="55" hits="1" branch="false"/>
            <line number="56" hits="1" branch="false"/>
            <line number="57" hits="1" branch="false"/>
            <line number="58" hits="1" branch="false"/>
            <line number="59" hits="1" branch="false"/>
            <line number="60" hits="1" branch="false"/>
            <line number="61" hits="1" branch="false"/>
            <line number="62" hits="1" branch="false"/>
            <line number="63" hits="1" branch="false"/>
            <line number="64" hits="1" branch="false"/>
            <line number="65" hits="1" branch="false"/>
            <line number="66" hits="1" branch="false"/>
            <line number="67" hits="1" branch="false"/>
            <line number="68" hits="1" branch="false"/>
            <line number="69" hits="1" branch="false"/>
            <line number="70" hits="1" branch="false"/>
            <line number="71" hits="1" branch="false"/>
            <line number="73" hits="2" branch="false"/>
            <line number="74" hits="2" branch="false"/>
            <line number="75" hits="2" branch="false"/>
            <line number="76" hits="2" branch="false"/>
            <line number="77" hits="2" branch="false"/>
            <line number="78" hits="2" branch="false"/>
            <line number="79" hits="2" branch="false"/>
            <line number="80" hits="2" branch="false"/>
            <line number="81" hits="2" branch="false"/>
            <line number="82" hits="2" branch="false"/>
            <line number="83" hits="2" branch="false"/>
            <line number="84" hits="2" branch="false"/>
            <line number="85" hits="2" branch="false"/>
          </lines>
        </class>
        <class name="generate_stacked_data.R" filename="R/generate_stacked_data.R" line-rate="1" branch-rate="0" complexity="0">
          <methods>
            <method name="generate_stacked_data" signature="" line-rate="1" branch-rate="0">
              <lines>
                <line number="23" hits="6" branch="false"/>
                <line number="24" hits="6" branch="false"/>
                <line number="25" hits="6" branch="false"/>
                <line number="26" hits="6" branch="false"/>
                <line number="28" hits="6" branch="false"/>
                <line number="29" hits="6" branch="false"/>
                <line number="30" hits="6" branch="false"/>
                <line number="31" hits="6" branch="false"/>
                <line number="32" hits="3" branch="false"/>
                <line number="33" hits="3" branch="false"/>
                <line number="34" hits="3" branch="false"/>
                <line number="35" hits="3" branch="false"/>
                <line number="36" hits="3" branch="false"/>
                <line number="38" hits="6" branch="false"/>
                <line number="39" hits="6" branch="false"/>
                <line number="40" hits="6" branch="false"/>
                <line number="41" hits="6" branch="false"/>
                <line number="42" hits="6" branch="false"/>
                <line number="43" hits="6" branch="false"/>
                <line number="44" hits="6" branch="false"/>
                <line number="45" hits="6" branch="false"/>
                <line number="46" hits="6" branch="false"/>
                <line number="47" hits="6" branch="false"/>
                <line number="48" hits="6" branch="false"/>
                <line number="49" hits="6" branch="false"/>
                <line number="50" hits="3" branch="false"/>
                <line number="51" hits="3" branch="false"/>
                <line number="52" hits="6" branch="false"/>
                <line number="53" hits="3" branch="false"/>
                <line number="54" hits="6" branch="false"/>
                <line number="55" hits="6" branch="false"/>
              </lines>
            </method>
          </methods>
          <lines>
            <line number="23" hits="6" branch="false"/>
            <line number="24" hits="6" branch="false"/>
            <line number="25" hits="6" branch="false"/>
            <line number="26" hits="6" branch="false"/>
            <line number="28" hits="6" branch="false"/>
            <line number="29" hits="6" branch="false"/>
            <line number="30" hits="6" branch="false"/>
            <line number="31" hits="6" branch="false"/>
            <line number="32" hits="3" branch="false"/>
            <line number="33" hits="3" branch="false"/>
            <line number="34" hits="3" branch="false"/>
            <line number="35" hits="3" branch="false"/>
            <line number="36" hits="3" branch="false"/>
            <line number="38" hits="6" branch="false"/>
            <line number="39" hits="6" branch="false"/>
            <line number="40" hits="6" branch="false"/>
            <line number="41" hits="6" branch="false"/>
            <line number="42" hits="6" branch="false"/>
            <line number="43" hits="6" branch="false"/>
            <line number="44" hits="6" branch="false"/>
            <line number="45" hits="6" branch="false"/>
            <line number="46" hits="6" branch="false"/>
            <line number="47" hits="6" branch="false"/>
            <line number="48" hits="6" branch="false"/>
            <line number="49" hits="6" branch="false"/>
            <line number="50" hits="3" branch="false"/>
            <line number="51" hits="3" branch="false"/>
            <line number="52" hits="6" branch="false"/>
            <line number="53" hits="3" branch="false"/>
            <line number="54" hits="6" branch="false"/>
            <line number="55" hits="6" branch="false"/>
          </lines>
        </class>
        <class name="hello.R" filename="R/hello.R" line-rate="1" branch-rate="0" complexity="0">
          <methods>
            <method name="hello" signature="" line-rate="1" branch-rate="0">
              <lines>
                <line number="13" hits="1" branch="false"/>
                <line number="14" hits="1" branch="false"/>
              </lines>
            </method>
          </methods>
          <lines>
            <line number="13" hits="1" branch="false"/>
            <line number="14" hits="1" branch="false"/>
          </lines>
        </class>
        <class name="horseshoe.R" filename="R/horseshoe.R" line-rate="1" branch-rate="0" complexity="0">
          <methods>
            <method name="horseshoe" signature="" line-rate="1" branch-rate="0">
              <lines>
                <line number="40" hits="2" branch="false"/>
                <line number="41" hits="2" branch="false"/>
                <line number="42" hits="2" branch="false"/>
                <line number="43" hits="2" branch="false"/>
                <line number="44" hits="2" branch="false"/>
                <line number="45" hits="2" branch="false"/>
                <line number="46" hits="2" branch="false"/>
                <line number="47" hits="2" branch="false"/>
                <line number="48" hits="2" branch="false"/>
                <line number="49" hits="2" branch="false"/>
                <line number="50" hits="2" branch="false"/>
                <line number="51" hits="2" branch="false"/>
                <line number="52" hits="2" branch="false"/>
                <line number="53" hits="2" branch="false"/>
                <line number="54" hits="2" branch="false"/>
                <line number="55" hits="2" branch="false"/>
                <line number="56" hits="2" branch="false"/>
                <line number="57" hits="1" branch="false"/>
                <line number="58" hits="1" branch="false"/>
                <line number="59" hits="1" branch="false"/>
                <line number="60" hits="1" branch="false"/>
                <line number="61" hits="1" branch="false"/>
                <line number="62" hits="1" branch="false"/>
                <line number="63" hits="1" branch="false"/>
                <line number="64" hits="1" branch="false"/>
                <line number="65" hits="1" branch="false"/>
                <line number="66" hits="1" branch="false"/>
                <line number="67" hits="1" branch="false"/>
                <line number="68" hits="1" branch="false"/>
                <line number="69" hits="1" branch="false"/>
                <line number="70" hits="1" branch="false"/>
                <line number="71" hits="1" branch="false"/>
                <line number="72" hits="1" branch="false"/>
                <line number="73" hits="1" branch="false"/>
                <line number="74" hits="1" branch="false"/>
                <line number="75" hits="1" branch="false"/>
                <line number="76" hits="1" branch="false"/>
                <line number="77" hits="1" branch="false"/>
                <line number="78" hits="1" branch="false"/>
                <line number="79" hits="1" branch="false"/>
                <line number="80" hits="1" branch="false"/>
                <line number="81" hits="1" branch="false"/>
                <line number="82" hits="1" branch="false"/>
                <line number="83" hits="1" branch="false"/>
                <line number="84" hits="1" branch="false"/>
                <line number="85" hits="1" branch="false"/>
                <line number="86" hits="1" branch="false"/>
                <line number="87" hits="1" branch="false"/>
                <line number="88" hits="1" branch="false"/>
                <line number="89" hits="1" branch="false"/>
                <line number="90" hits="1" branch="false"/>
                <line number="91" hits="1" branch="false"/>
                <line number="92" hits="1" branch="false"/>
                <line number="93" hits="1" branch="false"/>
                <line number="94" hits="1" branch="false"/>
                <line number="95" hits="1" branch="false"/>
                <line number="96" hits="1" branch="false"/>
                <line number="97" hits="1" branch="false"/>
                <line number="98" hits="1" branch="false"/>
                <line number="99" hits="1" branch="false"/>
                <line number="100" hits="1" branch="false"/>
                <line number="101" hits="1" branch="false"/>
                <line number="102" hits="1" branch="false"/>
                <line number="103" hits="1" branch="false"/>
                <line number="104" hits="1" branch="false"/>
                <line number="105" hits="1" branch="false"/>
                <line number="106" hits="1" branch="false"/>
                <line number="107" hits="1" branch="false"/>
                <line number="108" hits="1" branch="false"/>
                <line number="109" hits="1" branch="false"/>
                <line number="110" hits="1" branch="false"/>
                <line number="111" hits="1" branch="false"/>
                <line number="112" hits="1" branch="false"/>
                <line number="113" hits="1" branch="false"/>
                <line number="115" hits="2" branch="false"/>
                <line number="116" hits="2" branch="false"/>
                <line number="117" hits="2" branch="false"/>
                <line number="118" hits="2" branch="false"/>
                <line number="119" hits="2" branch="false"/>
                <line number="120" hits="2" branch="false"/>
                <line number="121" hits="2" branch="false"/>
                <line number="122" hits="2" branch="false"/>
                <line number="123" hits="2" branch="false"/>
                <line number="124" hits="2" branch="false"/>
                <line number="125" hits="2" branch="false"/>
                <line number="126" hits="2" branch="false"/>
              </lines>
            </method>
          </methods>
          <lines>
            <line number="40" hits="2" branch="false"/>
            <line number="41" hits="2" branch="false"/>
            <line number="42" hits="2" branch="false"/>
            <line number="43" hits="2" branch="false"/>
            <line number="44" hits="2" branch="false"/>
            <line number="45" hits="2" branch="false"/>
            <line number="46" hits="2" branch="false"/>
            <line number="47" hits="2" branch="false"/>
            <line number="48" hits="2" branch="false"/>
            <line number="49" hits="2" branch="false"/>
            <line number="50" hits="2" branch="false"/>
            <line number="51" hits="2" branch="false"/>
            <line number="52" hits="2" branch="false"/>
            <line number="53" hits="2" branch="false"/>
            <line number="54" hits="2" branch="false"/>
            <line number="55" hits="2" branch="false"/>
            <line number="56" hits="2" branch="false"/>
            <line number="57" hits="1" branch="false"/>
            <line number="58" hits="1" branch="false"/>
            <line number="59" hits="1" branch="false"/>
            <line number="60" hits="1" branch="false"/>
            <line number="61" hits="1" branch="false"/>
            <line number="62" hits="1" branch="false"/>
            <line number="63" hits="1" branch="false"/>
            <line number="64" hits="1" branch="false"/>
            <line number="65" hits="1" branch="false"/>
            <line number="66" hits="1" branch="false"/>
            <line number="67" hits="1" branch="false"/>
            <line number="68" hits="1" branch="false"/>
            <line number="69" hits="1" branch="false"/>
            <line number="70" hits="1" branch="false"/>
            <line number="71" hits="1" branch="false"/>
            <line number="72" hits="1" branch="false"/>
            <line number="73" hits="1" branch="false"/>
            <line number="74" hits="1" branch="false"/>
            <line number="75" hits="1" branch="false"/>
            <line number="76" hits="1" branch="false"/>
            <line number="77" hits="1" branch="false"/>
            <line number="78" hits="1" branch="false"/>
            <line number="79" hits="1" branch="false"/>
            <line number="80" hits="1" branch="false"/>
            <line number="81" hits="1" branch="false"/>
            <line number="82" hits="1" branch="false"/>
            <line number="83" hits="1" branch="false"/>
            <line number="84" hits="1" branch="false"/>
            <line number="85" hits="1" branch="false"/>
            <line number="86" hits="1" branch="false"/>
            <line number="87" hits="1" branch="false"/>
            <line number="88" hits="1" branch="false"/>
            <line number="89" hits="1" branch="false"/>
            <line number="90" hits="1" branch="false"/>
            <line number="91" hits="1" branch="false"/>
            <line number="92" hits="1" branch="false"/>
            <line number="93" hits="1" branch="false"/>
            <line number="94" hits="1" branch="false"/>
            <line number="95" hits="1" branch="false"/>
            <line number="96" hits="1" branch="false"/>
            <line number="97" hits="1" branch="false"/>
            <line number="98" hits="1" branch="false"/>
            <line number="99" hits="1" branch="false"/>
            <line number="100" hits="1" branch="false"/>
            <line number="101" hits="1" branch="false"/>
            <line number="102" hits="1" branch="false"/>
            <line number="103" hits="1" branch="false"/>
            <line number="104" hits="1" branch="false"/>
            <line number="105" hits="1" branch="false"/>
            <line number="106" hits="1" branch="false"/>
            <line number="107" hits="1" branch="false"/>
            <line number="108" hits="1" branch="false"/>
            <line number="109" hits="1" branch="false"/>
            <line number="110" hits="1" branch="false"/>
            <line number="111" hits="1" branch="false"/>
            <line number="112" hits="1" branch="false"/>
            <line number="113" hits="1" branch="false"/>
            <line number="115" hits="2" branch="false"/>
            <line number="116" hits="2" branch="false"/>
            <line number="117" hits="2" branch="false"/>
            <line number="118" hits="2" branch="false"/>
            <line number="119" hits="2" branch="false"/>
            <line number="120" hits="2" branch="false"/>
            <line number="121" hits="2" branch="false"/>
            <line number="122" hits="2" branch="false"/>
            <line number="123" hits="2" branch="false"/>
            <line number="124" hits="2" branch="false"/>
            <line number="125" hits="2" branch="false"/>
            <line number="126" hits="2" branch="false"/>
          </lines>
        </class>
        <class name="lOR_estimation.R" filename="R/lOR_estimation.R" line-rate="1" branch-rate="0" complexity="0">
          <methods>
            <method name="lor_estimation" signature="" line-rate="1" branch-rate="0">
              <lines>
                <line number="17" hits="71" branch="false"/>
                <line number="18" hits="71" branch="false"/>
                <line number="19" hits="71" branch="false"/>
                <line number="20" hits="71" branch="false"/>
                <line number="21" hits="71" branch="false"/>
                <line number="22" hits="142" branch="false"/>
                <line number="23" hits="142" branch="false"/>
                <line number="25" hits="71" branch="false"/>
                <line number="26" hits="71" branch="false"/>
                <line number="27" hits="71" branch="false"/>
                <line number="28" hits="71" branch="false"/>
                <line number="29" hits="71" branch="false"/>
                <line number="30" hits="71" branch="false"/>
                <line number="31" hits="71" branch="false"/>
                <line number="32" hits="71" branch="false"/>
                <line number="33" hits="71" branch="false"/>
                <line number="34" hits="71" branch="false"/>
              </lines>
            </method>
          </methods>
          <lines>
            <line number="17" hits="71" branch="false"/>
            <line number="18" hits="71" branch="false"/>
            <line number="19" hits="71" branch="false"/>
            <line number="20" hits="71" branch="false"/>
            <line number="21" hits="71" branch="false"/>
            <line number="22" hits="142" branch="false"/>
            <line number="23" hits="142" branch="false"/>
            <line number="25" hits="71" branch="false"/>
            <line number="26" hits="71" branch="false"/>
            <line number="27" hits="71" branch="false"/>
            <line number="28" hits="71" branch="false"/>
            <line number="29" hits="71" branch="false"/>
            <line number="30" hits="71" branch="false"/>
            <line number="31" hits="71" branch="false"/>
            <line number="32" hits="71" branch="false"/>
            <line number="33" hits="71" branch="false"/>
            <line number="34" hits="71" branch="false"/>
          </lines>
        </class>
        <class name="naive.R" filename="R/naive.R" line-rate="1" branch-rate="0" complexity="0">
          <methods>
            <method name="naive" signature="" line-rate="1" branch-rate="0">
              <lines>
                <line number="24" hits="2" branch="false"/>
                <line number="25" hits="2" branch="false"/>
                <line number="26" hits="2" branch="false"/>
                <line number="27" hits="2" branch="false"/>
                <line number="28" hits="2" branch="false"/>
                <line number="29" hits="2" branch="false"/>
                <line number="30" hits="2" branch="false"/>
                <line number="31" hits="1" branch="false"/>
                <line number="32" hits="1" branch="false"/>
                <line number="33" hits="1" branch="false"/>
                <line number="34" hits="1" branch="false"/>
                <line number="35" hits="1" branch="false"/>
                <line number="36" hits="1" branch="false"/>
                <line number="37" hits="1" branch="false"/>
                <line number="38" hits="1" branch="false"/>
                <line number="39" hits="1" branch="false"/>
                <line number="40" hits="1" branch="false"/>
                <line number="41" hits="1" branch="false"/>
                <line number="42" hits="1" branch="false"/>
                <line number="43" hits="1" branch="false"/>
                <line number="44" hits="1" branch="false"/>
                <line number="45" hits="1" branch="false"/>
                <line number="46" hits="1" branch="false"/>
                <line number="47" hits="1" branch="false"/>
                <line number="48" hits="1" branch="false"/>
                <line number="49" hits="1" branch="false"/>
                <line number="50" hits="1" branch="false"/>
                <line number="51" hits="1" branch="false"/>
                <line number="52" hits="1" branch="false"/>
                <line number="53" hits="1" branch="false"/>
                <line number="54" hits="1" branch="false"/>
                <line number="55" hits="1" branch="false"/>
                <line number="56" hits="1" branch="false"/>
                <line number="57" hits="1" branch="false"/>
                <line number="58" hits="1" branch="false"/>
                <line number="59" hits="1" branch="false"/>
                <line number="60" hits="1" branch="false"/>
                <line number="61" hits="1" branch="false"/>
                <line number="62" hits="1" branch="false"/>
                <line number="63" hits="1" branch="false"/>
                <line number="64" hits="1" branch="false"/>
                <line number="65" hits="1" branch="false"/>
                <line number="66" hits="1" branch="false"/>
                <line number="67" hits="1" branch="false"/>
                <line number="68" hits="1" branch="false"/>
                <line number="70" hits="2" branch="false"/>
                <line number="71" hits="2" branch="false"/>
                <line number="72" hits="2" branch="false"/>
                <line number="73" hits="2" branch="false"/>
                <line number="74" hits="2" branch="false"/>
                <line number="75" hits="2" branch="false"/>
                <line number="76" hits="2" branch="false"/>
                <line number="77" hits="2" branch="false"/>
                <line number="78" hits="2" branch="false"/>
              </lines>
            </method>
          </methods>
          <lines>
            <line number="24" hits="2" branch="false"/>
            <line number="25" hits="2" branch="false"/>
            <line number="26" hits="2" branch="false"/>
            <line number="27" hits="2" branch="false"/>
            <line number="28" hits="2" branch="false"/>
            <line number="29" hits="2" branch="false"/>
            <line number="30" hits="2" branch="false"/>
            <line number="31" hits="1" branch="false"/>
            <line number="32" hits="1" branch="false"/>
            <line number="33" hits="1" branch="false"/>
            <line number="34" hits="1" branch="false"/>
            <line number="35" hits="1" branch="false"/>
            <line number="36" hits="1" branch="false"/>
            <line number="37" hits="1" branch="false"/>
            <line number="38" hits="1" branch="false"/>
            <line number="39" hits="1" branch="false"/>
            <line number="40" hits="1" branch="false"/>
            <line number="41" hits="1" branch="false"/>
            <line number="42" hits="1" branch="false"/>
            <line number="43" hits="1" branch="false"/>
            <line number="44" hits="1" branch="false"/>
            <line number="45" hits="1" branch="false"/>
            <line number="46" hits="1" branch="false"/>
            <line number="47" hits="1" branch="false"/>
            <line number="48" hits="1" branch="false"/>
            <line number="49" hits="1" branch="false"/>
            <line number="50" hits="1" branch="false"/>
            <line number="51" hits="1" branch="false"/>
            <line number="52" hits="1" branch="false"/>
            <line number="53" hits="1" branch="false"/>
            <line number="54" hits="1" branch="false"/>
            <line number="55" hits="1" branch="false"/>
            <line number="56" hits="1" branch="false"/>
            <line number="57" hits="1" branch="false"/>
            <line number="58" hits="1" branch="false"/>
            <line number="59" hits="1" branch="false"/>
            <line number="60" hits="1" branch="false"/>
            <line number="61" hits="1" branch="false"/>
            <line number="62" hits="1" branch="false"/>
            <line number="63" hits="1" branch="false"/>
            <line number="64" hits="1" branch="false"/>
            <line number="65" hits="1" branch="false"/>
            <line number="66" hits="1" branch="false"/>
            <line number="67" hits="1" branch="false"/>
            <line number="68" hits="1" branch="false"/>
            <line number="70" hits="2" branch="false"/>
            <line number="71" hits="2" branch="false"/>
            <line number="72" hits="2" branch="false"/>
            <line number="73" hits="2" branch="false"/>
            <line number="74" hits="2" branch="false"/>
            <line number="75" hits="2" branch="false"/>
            <line number="76" hits="2" branch="false"/>
            <line number="77" hits="2" branch="false"/>
            <line number="78" hits="2" branch="false"/>
          </lines>
        </class>
        <class name="naivepop.R" filename="R/naivepop.R" line-rate="0.9" branch-rate="0" complexity="0">
          <methods>
            <method name="naivepop" signature="" line-rate="0.9" branch-rate="0">
              <lines>
                <line number="23" hits="2" branch="false"/>
                <line number="24" hits="2" branch="false"/>
                <line number="25" hits="2" branch="false"/>
                <line number="26" hits="2" branch="false"/>
                <line number="28" hits="2" branch="false"/>
                <line number="29" hits="2" branch="false"/>
                <line number="30" hits="2" branch="false"/>
                <line number="31" hits="2" branch="false"/>
                <line number="32" hits="2" branch="false"/>
                <line number="33" hits="0" branch="false"/>
                <line number="34" hits="0" branch="false"/>
                <line number="35" hits="2" branch="false"/>
                <line number="37" hits="2" branch="false"/>
                <line number="38" hits="2" branch="false"/>
                <line number="39" hits="2" branch="false"/>
                <line number="40" hits="2" branch="false"/>
                <line number="41" hits="2" branch="false"/>
                <line number="42" hits="2" branch="false"/>
                <line number="43" hits="2" branch="false"/>
                <line number="44" hits="2" branch="false"/>
              </lines>
            </method>
          </methods>
          <lines>
            <line number="23" hits="2" branch="false"/>
            <line number="24" hits="2" branch="false"/>
            <line number="25" hits="2" branch="false"/>
            <line number="26" hits="2" branch="false"/>
            <line number="28" hits="2" branch="false"/>
            <line number="29" hits="2" branch="false"/>
            <line number="30" hits="2" branch="false"/>
            <line number="31" hits="2" branch="false"/>
            <line number="32" hits="2" branch="false"/>
            <line number="33" hits="0" branch="false"/>
            <line number="34" hits="0" branch="false"/>
            <line number="35" hits="2" branch="false"/>
            <line number="37" hits="2" branch="false"/>
            <line number="38" hits="2" branch="false"/>
            <line number="39" hits="2" branch="false"/>
            <line number="40" hits="2" branch="false"/>
            <line number="41" hits="2" branch="false"/>
            <line number="42" hits="2" branch="false"/>
            <line number="43" hits="2" branch="false"/>
            <line number="44" hits="2" branch="false"/>
          </lines>
        </class>
        <class name="preprocess.R" filename="R/preprocess.R" line-rate="1" branch-rate="0" complexity="0">
          <methods>
            <method name="preprocess" signature="" line-rate="1" branch-rate="0">
              <lines>
                <line number="24" hits="9" branch="false"/>
                <line number="25" hits="9" branch="false"/>
                <line number="26" hits="9" branch="false"/>
                <line number="27" hits="9" branch="false"/>
                <line number="28" hits="9" branch="false"/>
                <line number="29" hits="9" branch="false"/>
                <line number="30" hits="9" branch="false"/>
                <line number="31" hits="9" branch="false"/>
                <line number="32" hits="9" branch="false"/>
                <line number="33" hits="9" branch="false"/>
                <line number="34" hits="9" branch="false"/>
                <line number="35" hits="9" branch="false"/>
                <line number="36" hits="9" branch="false"/>
                <line number="37" hits="9" branch="false"/>
                <line number="38" hits="9" branch="false"/>
                <line number="39" hits="9" branch="false"/>
                <line number="40" hits="27" branch="false"/>
                <line number="41" hits="27" branch="false"/>
                <line number="42" hits="27" branch="false"/>
                <line number="43" hits="27" branch="false"/>
                <line number="44" hits="27" branch="false"/>
                <line number="45" hits="27" branch="false"/>
                <line number="47" hits="9" branch="false"/>
                <line number="48" hits="9" branch="false"/>
                <line number="49" hits="9" branch="false"/>
                <line number="50" hits="9" branch="false"/>
                <line number="51" hits="9" branch="false"/>
                <line number="52" hits="18" branch="false"/>
                <line number="53" hits="18" branch="false"/>
                <line number="54" hits="18" branch="false"/>
                <line number="55" hits="18" branch="false"/>
                <line number="57" hits="9" branch="false"/>
                <line number="58" hits="9" branch="false"/>
                <line number="60" hits="9" branch="false"/>
                <line number="61" hits="9" branch="false"/>
                <line number="62" hits="9" branch="false"/>
                <line number="63" hits="9" branch="false"/>
                <line number="64" hits="9" branch="false"/>
                <line number="65" hits="9" branch="false"/>
              </lines>
            </method>
          </methods>
          <lines>
            <line number="24" hits="9" branch="false"/>
            <line number="25" hits="9" branch="false"/>
            <line number="26" hits="9" branch="false"/>
            <line number="27" hits="9" branch="false"/>
            <line number="28" hits="9" branch="false"/>
            <line number="29" hits="9" branch="false"/>
            <line number="30" hits="9" branch="false"/>
            <line number="31" hits="9" branch="false"/>
            <line number="32" hits="9" branch="false"/>
            <line number="33" hits="9" branch="false"/>
            <line number="34" hits="9" branch="false"/>
            <line number="35" hits="9" branch="false"/>
            <line number="36" hits="9" branch="false"/>
            <line number="37" hits="9" branch="false"/>
            <line number="38" hits="9" branch="false"/>
            <line number="39" hits="9" branch="false"/>
            <line number="40" hits="27" branch="false"/>
            <line number="41" hits="27" branch="false"/>
            <line number="42" hits="27" branch="false"/>
            <line number="43" hits="27" branch="false"/>
            <line number="44" hits="27" branch="false"/>
            <line number="45" hits="27" branch="false"/>
            <line number="47" hits="9" branch="false"/>
            <line number="48" hits="9" branch="false"/>
            <line number="49" hits="9" branch="false"/>
            <line number="50" hits="9" branch="false"/>
            <line number="51" hits="9" branch="false"/>
            <line number="52" hits="18" branch="false"/>
            <line number="53" hits="18" branch="false"/>
            <line number="54" hits="18" branch="false"/>
            <line number="55" hits="18" branch="false"/>
            <line number="57" hits="9" branch="false"/>
            <line number="58" hits="9" branch="false"/>
            <line number="60" hits="9" branch="false"/>
            <line number="61" hits="9" branch="false"/>
            <line number="62" hits="9" branch="false"/>
            <line number="63" hits="9" branch="false"/>
            <line number="64" hits="9" branch="false"/>
            <line number="65" hits="9" branch="false"/>
          </lines>
        </class>
        <class name="print.R" filename="R/print.R" line-rate="1" branch-rate="0" complexity="0">
          <methods>
            <method name="print.summary.horseshoe" signature="" line-rate="1" branch-rate="0">
              <lines>
                <line number="14" hits="1" branch="false"/>
                <line number="15" hits="1" branch="false"/>
                <line number="16" hits="1" branch="false"/>
              </lines>
            </method>
          </methods>
          <lines>
            <line number="14" hits="1" branch="false"/>
            <line number="15" hits="1" branch="false"/>
            <line number="16" hits="1" branch="false"/>
          </lines>
        </class>
        <class name="subgroups.R" filename="R/subgroups.R" line-rate="1" branch-rate="0" complexity="0">
          <methods>
            <method name="subgroups" signature="" line-rate="1" branch-rate="0">
              <lines>
                <line number="25" hits="12" branch="false"/>
                <line number="26" hits="12" branch="false"/>
                <line number="27" hits="12" branch="false"/>
                <line number="28" hits="12" branch="false"/>
                <line number="29" hits="12" branch="false"/>
                <line number="30" hits="12" branch="false"/>
                <line number="31" hits="12" branch="false"/>
                <line number="32" hits="12" branch="false"/>
                <line number="33" hits="12" branch="false"/>
                <line number="34" hits="132" branch="false"/>
                <line number="35" hits="132" branch="false"/>
                <line number="36" hits="132" branch="false"/>
                <line number="37" hits="62" branch="false"/>
                <line number="38" hits="62" branch="false"/>
                <line number="39" hits="62" branch="false"/>
                <line number="40" hits="70" branch="false"/>
                <line number="41" hits="70" branch="false"/>
                <line number="43" hits="132" branch="false"/>
                <line number="45" hits="12" branch="false"/>
              </lines>
            </method>
          </methods>
          <lines>
            <line number="25" hits="12" branch="false"/>
            <line number="26" hits="12" branch="false"/>
            <line number="27" hits="12" branch="false"/>
            <line number="28" hits="12" branch="false"/>
            <line number="29" hits="12" branch="false"/>
            <line number="30" hits="12" branch="false"/>
            <line number="31" hits="12" branch="false"/>
            <line number="32" hits="12" branch="false"/>
            <line number="33" hits="12" branch="false"/>
            <line number="34" hits="132" branch="false"/>
            <line number="35" hits="132" branch="false"/>
            <line number="36" hits="132" branch="false"/>
            <line number="37" hits="62" branch="false"/>
            <line number="38" hits="62" branch="false"/>
            <line number="39" hits="62" branch="false"/>
            <line number="40" hits="70" branch="false"/>
            <line number="41" hits="70" branch="false"/>
            <line number="43" hits="132" branch="false"/>
            <line number="45" hits="12" branch="false"/>
          </lines>
        </class>
        <class name="summary.R" filename="R/summary.R" line-rate="0.957142857142857" branch-rate="0" complexity="0">
          <methods>
            <method name="summary.naivepop" signature="" line-rate="1" branch-rate="0">
              <lines>
                <line number="14" hits="2" branch="false"/>
                <line number="15" hits="2" branch="false"/>
                <line number="16" hits="1" branch="false"/>
                <line number="17" hits="1" branch="false"/>
                <line number="18" hits="1" branch="false"/>
                <line number="20" hits="2" branch="false"/>
              </lines>
            </method>
            <method name="summary.naive" signature="" line-rate="1" branch-rate="0">
              <lines>
                <line number="41" hits="2" branch="false"/>
                <line number="42" hits="2" branch="false"/>
                <line number="43" hits="2" branch="false"/>
                <line number="44" hits="2" branch="false"/>
                <line number="45" hits="2" branch="false"/>
                <line number="46" hits="2" branch="false"/>
                <line number="47" hits="2" branch="false"/>
                <line number="48" hits="2" branch="false"/>
                <line number="49" hits="1" branch="false"/>
                <line number="51" hits="2" branch="false"/>
              </lines>
            </method>
            <method name="summary.elastic_net" signature="" line-rate="0.941176470588235" branch-rate="0">
              <lines>
                <line number="79" hits="2" branch="false"/>
                <line number="80" hits="2" branch="false"/>
                <line number="81" hits="2" branch="false"/>
                <line number="82" hits="2" branch="false"/>
                <line number="83" hits="2" branch="false"/>
                <line number="84" hits="2" branch="false"/>
                <line number="85" hits="2" branch="false"/>
                <line number="87" hits="0" branch="false"/>
                <line number="89" hits="2" branch="false"/>
                <line number="90" hits="2" branch="false"/>
                <line number="91" hits="1" branch="false"/>
                <line number="92" hits="2" branch="false"/>
                <line number="93" hits="1" branch="false"/>
                <line number="94" hits="1" branch="false"/>
                <line number="95" hits="1" branch="false"/>
                <line number="96" hits="1" branch="false"/>
                <line number="97" hits="1" branch="false"/>
                <line number="98" hits="1" branch="false"/>
                <line number="99" hits="1" branch="false"/>
                <line number="100" hits="1" branch="false"/>
                <line number="101" hits="1" branch="false"/>
                <line number="102" hits="1" branch="false"/>
                <line number="103" hits="1" branch="false"/>
                <line number="104" hits="1" branch="false"/>
                <line number="105" hits="1" branch="false"/>
                <line number="106" hits="1" branch="false"/>
                <line number="107" hits="2" branch="false"/>
                <line number="108" hits="0" branch="false"/>
                <line number="109" hits="2" branch="false"/>
                <line number="110" hits="1" branch="false"/>
                <line number="111" hits="1" branch="false"/>
                <line number="112" hits="1" branch="false"/>
                <line number="113" hits="2" branch="false"/>
                <line number="114" hits="2" branch="false"/>
              </lines>
            </method>
            <method name="summary.horseshoe" signature="" line-rate="0.95" branch-rate="0">
              <lines>
                <line number="148" hits="3" branch="false"/>
                <line number="149" hits="3" branch="false"/>
                <line number="150" hits="3" branch="false"/>
                <line number="151" hits="3" branch="false"/>
                <line number="152" hits="3" branch="false"/>
                <line number="153" hits="0" branch="false"/>
                <line number="155" hits="3" branch="false"/>
                <line number="156" hits="3" branch="false"/>
                <line number="157" hits="3" branch="false"/>
                <line number="158" hits="3" branch="false"/>
                <line number="159" hits="3" branch="false"/>
                <line number="160" hits="3" branch="false"/>
                <line number="161" hits="3" branch="false"/>
                <line number="162" hits="3" branch="false"/>
                <line number="163" hits="3" branch="false"/>
                <line number="164" hits="3" branch="false"/>
                <line number="165" hits="3" branch="false"/>
                <line number="166" hits="3" branch="false"/>
                <line number="167" hits="3" branch="false"/>
                <line number="168" hits="3" branch="false"/>
              </lines>
            </method>
          </methods>
          <lines>
            <line number="14" hits="2" branch="false"/>
            <line number="15" hits="2" branch="false"/>
            <line number="16" hits="1" branch="false"/>
            <line number="17" hits="1" branch="false"/>
            <line number="18" hits="1" branch="false"/>
            <line number="20" hits="2" branch="false"/>
            <line number="41" hits="2" branch="false"/>
            <line number="42" hits="2" branch="false"/>
            <line number="43" hits="2" branch="false"/>
            <line number="44" hits="2" branch="false"/>
            <line number="45" hits="2" branch="false"/>
            <line number="46" hits="2" branch="false"/>
            <line number="47" hits="2" branch="false"/>
            <line number="48" hits="2" branch="false"/>
            <line number="49" hits="1" branch="false"/>
            <line number="51" hits="2" branch="false"/>
            <line number="79" hits="2" branch="false"/>
            <line number="80" hits="2" branch="false"/>
            <line number="81" hits="2" branch="false"/>
            <line number="82" hits="2" branch="false"/>
            <line number="83" hits="2" branch="false"/>
            <line number="84" hits="2" branch="false"/>
            <line number="85" hits="2" branch="false"/>
            <line number="87" hits="0" branch="false"/>
            <line number="89" hits="2" branch="false"/>
            <line number="90" hits="2" branch="false"/>
            <line number="91" hits="1" branch="false"/>
            <line number="92" hits="2" branch="false"/>
            <line number="93" hits="1" branch="false"/>
            <line number="94" hits="1" branch="false"/>
            <line number="95" hits="1" branch="false"/>
            <line number="96" hits="1" branch="false"/>
            <line number="97" hits="1" branch="false"/>
            <line number="98" hits="1" branch="false"/>
            <line number="99" hits="1" branch="false"/>
            <line number="100" hits="1" branch="false"/>
            <line number="101" hits="1" branch="false"/>
            <line number="102" hits="1" branch="false"/>
            <line number="103" hits="1" branch="false"/>
            <line number="104" hits="1" branch="false"/>
            <line number="105" hits="1" branch="false"/>
            <line number="106" hits="1" branch="false"/>
            <line number="107" hits="2" branch="false"/>
            <line number="108" hits="0" branch="false"/>
            <line number="109" hits="2" branch="false"/>
            <line number="110" hits="1" branch="false"/>
            <line number="111" hits="1" branch="false"/>
            <line number="112" hits="1" branch="false"/>
            <line number="113" hits="2" branch="false"/>
            <line number="114" hits="2" branch="false"/>
            <line number="148" hits="3" branch="false"/>
            <line number="149" hits="3" branch="false"/>
            <line number="150" hits="3" branch="false"/>
            <line number="151" hits="3" branch="false"/>
            <line number="152" hits="3" branch="false"/>
            <line number="153" hits="0" branch="false"/>
            <line number="155" hits="3" branch="false"/>
            <line number="156" hits="3" branch="false"/>
            <line number="157" hits="3" branch="false"/>
            <line number="158" hits="3" branch="false"/>
            <line number="159" hits="3" branch="false"/>
            <line number="160" hits="3" branch="false"/>
            <line number="161" hits="3" branch="false"/>
            <line number="162" hits="3" branch="false"/>
            <line number="163" hits="3" branch="false"/>
            <line number="164" hits="3" branch="false"/>
            <line number="165" hits="3" branch="false"/>
            <line number="166" hits="3" branch="false"/>
            <line number="167" hits="3" branch="false"/>
            <line number="168" hits="3" branch="false"/>
          </lines>
        </class>
        <class name="survival_curves.R" filename="R/survival_curves.R" line-rate="1" branch-rate="0" complexity="0">
          <methods>
            <method name="survival_curves" signature="" line-rate="1" branch-rate="0">
              <lines>
                <line number="20" hits="127" branch="false"/>
                <line number="21" hits="127" branch="false"/>
                <line number="22" hits="127" branch="false"/>
                <line number="23" hits="127" branch="false"/>
                <line number="24" hits="127" branch="false"/>
                <line number="25" hits="127" branch="false"/>
                <line number="26" hits="127" branch="false"/>
              </lines>
            </method>
          </methods>
          <lines>
            <line number="20" hits="127" branch="false"/>
            <line number="21" hits="127" branch="false"/>
            <line number="22" hits="127" branch="false"/>
            <line number="23" hits="127" branch="false"/>
            <line number="24" hits="127" branch="false"/>
            <line number="25" hits="127" branch="false"/>
            <line number="26" hits="127" branch="false"/>
          </lines>
        </class>
        <class name="test.R" filename="R/test.R" line-rate="1" branch-rate="0" complexity="0">
          <methods>
            <method name="test" signature="" line-rate="1" branch-rate="0">
              <lines>
                <line number="19" hits="1" branch="false"/>
                <line number="20" hits="1" branch="false"/>
                <line number="21" hits="1" branch="false"/>
                <line number="23" hits="1" branch="false"/>
              </lines>
            </method>
          </methods>
          <lines>
            <line number="19" hits="1" branch="false"/>
            <line number="20" hits="1" branch="false"/>
            <line number="21" hits="1" branch="false"/>
            <line number="23" hits="1" branch="false"/>
          </lines>
        </class>
        <class name="trt_horseshoe.R" filename="R/trt_horseshoe.R" line-rate="0.973684210526316" branch-rate="0" complexity="0">
          <methods>
            <method name="trt_horseshoe" signature="" line-rate="0.973684210526316" branch-rate="0">
              <lines>
                <line number="24" hits="8" branch="false"/>
                <line number="25" hits="8" branch="false"/>
                <line number="26" hits="8" branch="false"/>
                <line number="27" hits="8" branch="false"/>
                <line number="28" hits="8" branch="false"/>
                <line number="29" hits="8" branch="false"/>
                <line number="30" hits="8" branch="false"/>
                <line number="31" hits="8" branch="false"/>
                <line number="32" hits="5" branch="false"/>
                <line number="33" hits="5" branch="false"/>
                <line number="34" hits="8" branch="false"/>
                <line number="35" hits="3" branch="false"/>
                <line number="36" hits="3" branch="false"/>
                <line number="37" hits="3" branch="false"/>
                <line number="38" hits="3" branch="false"/>
                <line number="39" hits="3" branch="false"/>
                <line number="40" hits="3" branch="false"/>
                <line number="41" hits="3" branch="false"/>
                <line number="42" hits="3" branch="false"/>
                <line number="43" hits="3" branch="false"/>
                <line number="44" hits="3" branch="false"/>
                <line number="45" hits="3" branch="false"/>
                <line number="46" hits="3" branch="false"/>
                <line number="47" hits="8" branch="false"/>
                <line number="48" hits="0" branch="false"/>
                <line number="49" hits="8" branch="false"/>
                <line number="51" hits="3" branch="false"/>
                <line number="52" hits="3" branch="false"/>
                <line number="53" hits="3" branch="false"/>
                <line number="54" hits="3" branch="false"/>
                <line number="55" hits="3" branch="false"/>
                <line number="56" hits="3" branch="false"/>
                <line number="57" hits="3" branch="false"/>
                <line number="58" hits="3" branch="false"/>
                <line number="59" hits="3" branch="false"/>
                <line number="60" hits="3" branch="false"/>
                <line number="61" hits="3" branch="false"/>
                <line number="62" hits="8" branch="false"/>
              </lines>
            </method>
          </methods>
          <lines>
            <line number="24" hits="8" branch="false"/>
            <line number="25" hits="8" branch="false"/>
            <line number="26" hits="8" branch="false"/>
            <line number="27" hits="8" branch="false"/>
            <line number="28" hits="8" branch="false"/>
            <line number="29" hits="8" branch="false"/>
            <line number="30" hits="8" branch="false"/>
            <line number="31" hits="8" branch="false"/>
            <line number="32" hits="5" branch="false"/>
            <line number="33" hits="5" branch="false"/>
            <line number="34" hits="8" branch="false"/>
            <line number="35" hits="3" branch="false"/>
            <line number="36" hits="3" branch="false"/>
            <line number="37" hits="3" branch="false"/>
            <line number="38" hits="3" branch="false"/>
            <line number="39" hits="3" branch="false"/>
            <line number="40" hits="3" branch="false"/>
            <line number="41" hits="3" branch="false"/>
            <line number="42" hits="3" branch="false"/>
            <line number="43" hits="3" branch="false"/>
            <line number="44" hits="3" branch="false"/>
            <line number="45" hits="3" branch="false"/>
            <line number="46" hits="3" branch="false"/>
            <line number="47" hits="8" branch="false"/>
            <line number="48" hits="0" branch="false"/>
            <line number="49" hits="8" branch="false"/>
            <line number="51" hits="3" branch="false"/>
            <line number="52" hits="3" branch="false"/>
            <line number="53" hits="3" branch="false"/>
            <line number="54" hits="3" branch="false"/>
            <line number="55" hits="3" branch="false"/>
            <line number="56" hits="3" branch="false"/>
            <line number="57" hits="3" branch="false"/>
            <line number="58" hits="3" branch="false"/>
            <line number="59" hits="3" branch="false"/>
            <line number="60" hits="3" branch="false"/>
            <line number="61" hits="3" branch="false"/>
            <line number="62" hits="8" branch="false"/>
          </lines>
        </class>
        <class name="surv_prob.cpp" filename="src/surv_prob.cpp" line-rate="1" branch-rate="0" complexity="0">
          <methods/>
          <lines>
            <line number="5" hits="129" branch="false"/>
            <line number="6" hits="129" branch="false"/>
            <line number="7" hits="96234" branch="false"/>
            <line number="8" hits="384420" branch="false"/>
            <line number="9" hits="96105" branch="false"/>
            <line number="10" hits="96105" branch="false"/>
            <line number="11" hits="96105" branch="false"/>
            <line number="12" hits="96105" branch="false"/>
            <line number="13" hits="258" branch="false"/>
            <line number="14" hits="129" branch="false"/>
          </lines>
        </class>
      </classes>
    </package>
  </packages>
</coverage>
